2025-05-26 16:29:42,843 - INFO - Procesando sección: SCJN
2025-05-26 16:29:42,845 - INFO - Usando archivo: C:\Users\Wilmore\Downloads\evaluador_ine\data\raw\Candidatos_MSCJN_26-05-2025.xlsx
2025-05-26 16:29:43,355 - INFO - Total de candidatos a procesar: 64
2025-05-26 16:29:43,356 - INFO - Procesando candidato 1/64: AGUIRRE BONILLA OLIVIA
2025-05-26 16:29:43,357 - INFO - PDF ya existe: C:\Users\Wilmore\Downloads\evaluador_ine\output\pdfs\AGUIRRE_BONILLA_OLIVIA_14.pdf
2025-05-26 16:29:44,465 - DEBUG - Evaluando aptitud: Nivel Formación=doctorado, Exp Judicial Conteo=5, Riesgo Conteo=0
2025-05-26 16:29:44,466 - DEBUG - Resultado Aptitud: Observado
2025-05-26 16:29:44,466 - INFO - Procesando candidato 2/64: ALADRO ECHEVERRIA REBECA STELLA
2025-05-26 16:29:44,467 - INFO - PDF ya existe: C:\Users\Wilmore\Downloads\evaluador_ine\output\pdfs\ALADRO_ECHEVERRIA_REBECA_STELLA_3.pdf
2025-05-26 16:29:45,660 - DEBUG - Evaluando aptitud: Nivel Formación=maestría, Exp Judicial Conteo=11, Riesgo Conteo=0
2025-05-26 16:29:45,662 - DEBUG - Resultado Aptitud: Observado
2025-05-26 16:29:45,663 - INFO - Procesando candidato 3/64: BATRES GUADARRAMA LENIA
2025-05-26 16:29:45,664 - INFO - PDF ya existe: C:\Users\Wilmore\Downloads\evaluador_ine\output\pdfs\BATRES_GUADARRAMA_LENIA_4103.pdf
2025-05-26 16:29:46,771 - DEBUG - Evaluando aptitud: Nivel Formación=doctorado, Exp Judicial Conteo=9, Riesgo Conteo=1
2025-05-26 16:29:46,771 - DEBUG - Resultado Aptitud: No Apto
2025-05-26 16:29:46,772 - INFO - Procesando candidato 4/64: BONILLA GARCIA JAZMIN
2025-05-26 16:29:46,773 - INFO - PDF ya existe: C:\Users\Wilmore\Downloads\evaluador_ine\output\pdfs\BONILLA_GARCIA_JAZMIN_4.pdf
2025-05-26 16:29:47,884 - DEBUG - Evaluando aptitud: Nivel Formación=maestría, Exp Judicial Conteo=19, Riesgo Conteo=0
2025-05-26 16:29:47,885 - DEBUG - Resultado Aptitud: Observado
2025-05-26 16:29:47,885 - INFO - Procesando candidato 5/64: CASTAÑEDA PEREZ MARISOL
2025-05-26 16:29:47,886 - INFO - PDF ya existe: C:\Users\Wilmore\Downloads\evaluador_ine\output\pdfs\CASTAÑEDA_PEREZ_MARISOL_5.pdf
2025-05-26 16:29:48,893 - DEBUG - Evaluando aptitud: Nivel Formación=doctorado, Exp Judicial Conteo=11, Riesgo Conteo=1
2025-05-26 16:29:48,894 - DEBUG - Resultado Aptitud: No Apto
2025-05-26 16:29:48,895 - INFO - Procesando candidato 6/64: CRUZ ALCALA SELENE
2025-05-26 16:29:48,897 - INFO - PDF ya existe: C:\Users\Wilmore\Downloads\evaluador_ine\output\pdfs\CRUZ_ALCALA_SELENE_8.pdf
2025-05-26 16:29:49,986 - DEBUG - Evaluando aptitud: Nivel Formación=doctorado, Exp Judicial Conteo=13, Riesgo Conteo=0
2025-05-26 16:29:49,987 - DEBUG - Resultado Aptitud: Apto
2025-05-26 16:29:49,987 - INFO - Procesando candidato 7/64: ESCUDERO MENDOZA SILVIA
2025-05-26 16:29:49,988 - INFO - PDF ya existe: C:\Users\Wilmore\Downloads\evaluador_ine\output\pdfs\ESCUDERO_MENDOZA_SILVIA_15.pdf
2025-05-26 16:29:50,983 - DEBUG - Evaluando aptitud: Nivel Formación=maestría, Exp Judicial Conteo=11, Riesgo Conteo=0
2025-05-26 16:29:50,984 - DEBUG - Resultado Aptitud: Observado
2025-05-26 16:29:50,984 - INFO - Procesando candidato 8/64: ESQUIVEL MOSSA YASMIN
2025-05-26 16:29:50,985 - INFO - PDF ya existe: C:\Users\Wilmore\Downloads\evaluador_ine\output\pdfs\ESQUIVEL_MOSSA_YASMIN_4104.pdf
2025-05-26 16:29:52,003 - DEBUG - Evaluando aptitud: Nivel Formación=doctorado, Exp Judicial Conteo=8, Riesgo Conteo=0
2025-05-26 16:29:52,003 - DEBUG - Resultado Aptitud: Apto
2025-05-26 16:29:52,004 - INFO - Procesando candidato 9/64: ESTRADA TENA FABIANA
2025-05-26 16:29:52,005 - INFO - PDF ya existe: C:\Users\Wilmore\Downloads\evaluador_ine\output\pdfs\ESTRADA_TENA_FABIANA_16.pdf
2025-05-26 16:29:53,142 - DEBUG - Evaluando aptitud: Nivel Formación=maestría, Exp Judicial Conteo=6, Riesgo Conteo=0
2025-05-26 16:29:53,142 - DEBUG - Resultado Aptitud: Observado
2025-05-26 16:29:53,143 - INFO - Procesando candidato 10/64: FUENTES JIMENEZ ESTELA
2025-05-26 16:29:53,144 - INFO - PDF ya existe: C:\Users\Wilmore\Downloads\evaluador_ine\output\pdfs\FUENTES_JIMENEZ_ESTELA_20.pdf
2025-05-26 16:29:54,035 - DEBUG - Evaluando aptitud: Nivel Formación=doctorado, Exp Judicial Conteo=13, Riesgo Conteo=0
2025-05-26 16:29:54,036 - DEBUG - Resultado Aptitud: Apto
2025-05-26 16:29:54,036 - INFO - Procesando candidato 11/64: GARCIA MENDOZA IRMA GUADALUPE
2025-05-26 16:29:54,037 - INFO - PDF ya existe: C:\Users\Wilmore\Downloads\evaluador_ine\output\pdfs\GARCIA_MENDOZA_IRMA_GUADALUPE_21.pdf
2025-05-26 16:29:55,021 - DEBUG - Evaluando aptitud: Nivel Formación=doctorado, Exp Judicial Conteo=12, Riesgo Conteo=0
2025-05-26 16:29:55,022 - DEBUG - Resultado Aptitud: Apto
2025-05-26 16:29:55,022 - INFO - Procesando candidato 12/64: GARCIA VILLEGAS SANCHEZ CORDERO PAULA MARIA
2025-05-26 16:29:55,023 - INFO - PDF ya existe: C:\Users\Wilmore\Downloads\evaluador_ine\output\pdfs\GARCIA_VILLEGAS_SANCHEZ_CORDERO_PAULA_MARIA_22.pdf
2025-05-26 16:29:55,985 - DEBUG - Evaluando aptitud: Nivel Formación=doctorado, Exp Judicial Conteo=9, Riesgo Conteo=0
2025-05-26 16:29:55,986 - DEBUG - Resultado Aptitud: Apto
2025-05-26 16:29:55,986 - INFO - Procesando candidato 13/64: GONZALEZ CENTENO ALMA DELIA
2025-05-26 16:29:55,987 - INFO - PDF ya existe: C:\Users\Wilmore\Downloads\evaluador_ine\output\pdfs\GONZALEZ_CENTENO_ALMA_DELIA_23.pdf
2025-05-26 16:29:56,898 - DEBUG - Evaluando aptitud: Nivel Formación=especialidad, Exp Judicial Conteo=8, Riesgo Conteo=0
2025-05-26 16:29:56,898 - DEBUG - Resultado Aptitud: No Apto
2025-05-26 16:29:56,899 - INFO - Procesando candidato 14/64: GONZALEZ TIRADO ROSA ELENA
2025-05-26 16:29:56,900 - INFO - PDF ya existe: C:\Users\Wilmore\Downloads\evaluador_ine\output\pdfs\GONZALEZ_TIRADO_ROSA_ELENA_24.pdf
2025-05-26 16:29:57,881 - DEBUG - Evaluando aptitud: Nivel Formación=especialidad, Exp Judicial Conteo=12, Riesgo Conteo=0
2025-05-26 16:29:57,882 - DEBUG - Resultado Aptitud: No Apto
2025-05-26 16:29:57,883 - INFO - Procesando candidato 15/64: GÜICHO GONZALEZ MONICA ARCELIA
2025-05-26 16:29:57,883 - INFO - PDF ya existe: C:\Users\Wilmore\Downloads\evaluador_ine\output\pdfs\GÜICHO_GONZALEZ_MONICA_ARCELIA_17.pdf
2025-05-26 16:29:58,830 - DEBUG - Evaluando aptitud: Nivel Formación=doctorado, Exp Judicial Conteo=6, Riesgo Conteo=0
2025-05-26 16:29:58,830 - DEBUG - Resultado Aptitud: Observado
2025-05-26 16:29:58,831 - INFO - Procesando candidato 16/64: HERRERIAS GUERRA SARA IRENE
2025-05-26 16:29:58,831 - INFO - PDF ya existe: C:\Users\Wilmore\Downloads\evaluador_ine\output\pdfs\HERRERIAS_GUERRA_SARA_IRENE_26.pdf
2025-05-26 16:29:59,801 - DEBUG - Evaluando aptitud: Nivel Formación=doctorado, Exp Judicial Conteo=14, Riesgo Conteo=0
2025-05-26 16:29:59,801 - DEBUG - Resultado Aptitud: Apto
2025-05-26 16:29:59,802 - INFO - Procesando candidato 17/64: IBARRA OLGUIN ANA MARIA
2025-05-26 16:29:59,803 - INFO - PDF ya existe: C:\Users\Wilmore\Downloads\evaluador_ine\output\pdfs\IBARRA_OLGUIN_ANA_MARIA_18.pdf
2025-05-26 16:30:00,843 - DEBUG - Evaluando aptitud: Nivel Formación=doctorado, Exp Judicial Conteo=9, Riesgo Conteo=0
2025-05-26 16:30:00,843 - DEBUG - Resultado Aptitud: Apto
2025-05-26 16:30:00,844 - INFO - Procesando candidato 18/64: MADRIGAL VALDEZ LUTGARDA
2025-05-26 16:30:00,845 - INFO - PDF ya existe: C:\Users\Wilmore\Downloads\evaluador_ine\output\pdfs\MADRIGAL_VALDEZ_LUTGARDA_29.pdf
2025-05-26 16:30:02,199 - DEBUG - Evaluando aptitud: Nivel Formación=maestría, Exp Judicial Conteo=11, Riesgo Conteo=0
2025-05-26 16:30:02,199 - DEBUG - Resultado Aptitud: Observado
2025-05-26 16:30:02,200 - INFO - Procesando candidato 19/64: MARTINEZ VALERO DORA ALICIA
2025-05-26 16:30:02,201 - INFO - PDF ya existe: C:\Users\Wilmore\Downloads\evaluador_ine\output\pdfs\MARTINEZ_VALERO_DORA_ALICIA_30.pdf
2025-05-26 16:30:03,185 - DEBUG - Evaluando aptitud: Nivel Formación=maestría, Exp Judicial Conteo=6, Riesgo Conteo=0
2025-05-26 16:30:03,186 - DEBUG - Resultado Aptitud: Observado
2025-05-26 16:30:03,186 - INFO - Procesando candidato 20/64: MORALES IBAÑEZ MARISELA
2025-05-26 16:30:03,187 - INFO - PDF ya existe: C:\Users\Wilmore\Downloads\evaluador_ine\output\pdfs\MORALES_IBAÑEZ_MARISELA_4102.pdf
2025-05-26 16:30:04,239 - DEBUG - Evaluando aptitud: Nivel Formación=doctorado, Exp Judicial Conteo=9, Riesgo Conteo=0
2025-05-26 16:30:04,239 - DEBUG - Resultado Aptitud: Apto
2025-05-26 16:30:04,240 - INFO - Procesando candidato 21/64: MOSRI GUTIERREZ MAGDA ZULEMA
2025-05-26 16:30:04,241 - INFO - PDF ya existe: C:\Users\Wilmore\Downloads\evaluador_ine\output\pdfs\MOSRI_GUTIERREZ_MAGDA_ZULEMA_31.pdf
2025-05-26 16:30:05,452 - DEBUG - Evaluando aptitud: Nivel Formación=doctorado, Exp Judicial Conteo=16, Riesgo Conteo=0
2025-05-26 16:30:05,452 - DEBUG - Resultado Aptitud: Apto
2025-05-26 16:30:05,453 - INFO - Procesando candidato 22/64: ORTIZ AHLF LORETTA
2025-05-26 16:30:05,454 - INFO - PDF ya existe: C:\Users\Wilmore\Downloads\evaluador_ine\output\pdfs\ORTIZ_AHLF_LORETTA_4105.pdf
2025-05-26 16:30:06,576 - DEBUG - Evaluando aptitud: Nivel Formación=doctorado, Exp Judicial Conteo=8, Riesgo Conteo=1
2025-05-26 16:30:06,576 - DEBUG - Resultado Aptitud: No Apto
2025-05-26 16:30:06,578 - INFO - Procesando candidato 23/64: ORTIZ MONROY CYNTHIA
2025-05-26 16:30:06,579 - INFO - PDF ya existe: C:\Users\Wilmore\Downloads\evaluador_ine\output\pdfs\ORTIZ_MONROY_CYNTHIA_32.pdf
2025-05-26 16:30:07,715 - DEBUG - Evaluando aptitud: Nivel Formación=licenciatura, Exp Judicial Conteo=6, Riesgo Conteo=1
2025-05-26 16:30:07,716 - DEBUG - Resultado Aptitud: No Apto
2025-05-26 16:30:07,716 - INFO - Procesando candidato 24/64: PEREZ ROMO LORENA JOSEFINA
2025-05-26 16:30:07,717 - INFO - PDF ya existe: C:\Users\Wilmore\Downloads\evaluador_ine\output\pdfs\PEREZ_ROMO_LORENA_JOSEFINA_19.pdf
2025-05-26 16:30:08,850 - DEBUG - Evaluando aptitud: Nivel Formación=doctorado, Exp Judicial Conteo=9, Riesgo Conteo=0
2025-05-26 16:30:08,851 - DEBUG - Resultado Aptitud: Apto
2025-05-26 16:30:08,852 - INFO - Procesando candidato 25/64: REYES TERAN ARELY
2025-05-26 16:30:08,853 - INFO - PDF ya existe: C:\Users\Wilmore\Downloads\evaluador_ine\output\pdfs\REYES_TERAN_ARELY_25.pdf
2025-05-26 16:30:10,076 - DEBUG - Evaluando aptitud: Nivel Formación=maestría, Exp Judicial Conteo=15, Riesgo Conteo=0
2025-05-26 16:30:10,077 - DEBUG - Resultado Aptitud: Observado
2025-05-26 16:30:10,078 - INFO - Procesando candidato 26/64: RIOS GONZALEZ MARIA ESTELA
2025-05-26 16:30:10,080 - INFO - PDF ya existe: C:\Users\Wilmore\Downloads\evaluador_ine\output\pdfs\RIOS_GONZALEZ_MARIA_ESTELA_27.pdf
2025-05-26 16:30:11,356 - DEBUG - Evaluando aptitud: Nivel Formación=maestría, Exp Judicial Conteo=8, Riesgo Conteo=0
2025-05-26 16:30:11,357 - DEBUG - Resultado Aptitud: Observado
2025-05-26 16:30:11,358 - INFO - Procesando candidato 27/64: ROJAS OLVERA MARGARITA DARLENE
2025-05-26 16:30:11,358 - INFO - PDF ya existe: C:\Users\Wilmore\Downloads\evaluador_ine\output\pdfs\ROJAS_OLVERA_MARGARITA_DARLENE_28.pdf
2025-05-26 16:30:12,331 - DEBUG - Evaluando aptitud: Nivel Formación=maestría, Exp Judicial Conteo=10, Riesgo Conteo=0
2025-05-26 16:30:12,332 - DEBUG - Resultado Aptitud: Observado
2025-05-26 16:30:12,333 - INFO - Procesando candidato 28/64: ROSILLO GARFIAS MA. CONSUELO
2025-05-26 16:30:12,333 - INFO - PDF ya existe: C:\Users\Wilmore\Downloads\evaluador_ine\output\pdfs\ROSILLO_GARFIAS_MA._CONSUELO_37.pdf
2025-05-26 16:30:13,354 - DEBUG - Evaluando aptitud: Nivel Formación=doctorado, Exp Judicial Conteo=10, Riesgo Conteo=0
2025-05-26 16:30:13,355 - DEBUG - Resultado Aptitud: Apto
2025-05-26 16:30:13,355 - INFO - Procesando candidato 29/64: SANTOS MENDOZA GLORIA ROSA
2025-05-26 16:30:13,356 - WARNING - URL inválida para SANTOS MENDOZA GLORIA ROSA
2025-05-26 16:30:13,356 - INFO - Procesando candidato 30/64: TAPIA GUTIERREZ INGRID DE LOS ANGELES
2025-05-26 16:30:13,357 - INFO - PDF ya existe: C:\Users\Wilmore\Downloads\evaluador_ine\output\pdfs\TAPIA_GUTIERREZ_INGRID_DE_LOS_ANGELES_38.pdf
2025-05-26 16:30:14,289 - DEBUG - Evaluando aptitud: Nivel Formación=doctorado, Exp Judicial Conteo=9, Riesgo Conteo=0
2025-05-26 16:30:14,290 - DEBUG - Resultado Aptitud: Apto
2025-05-26 16:30:14,290 - INFO - Procesando candidato 31/64: TELLEZ TORRES OROZCO NATALIA
2025-05-26 16:30:14,291 - INFO - PDF ya existe: C:\Users\Wilmore\Downloads\evaluador_ine\output\pdfs\TELLEZ_TORRES_OROZCO_NATALIA_34.pdf
2025-05-26 16:30:15,321 - DEBUG - Evaluando aptitud: Nivel Formación=maestría, Exp Judicial Conteo=4, Riesgo Conteo=0
2025-05-26 16:30:15,321 - DEBUG - Resultado Aptitud: No Apto
2025-05-26 16:30:15,322 - INFO - Procesando candidato 32/64: UCARANZA SANCHEZ VERONICA ELIZABETH
2025-05-26 16:30:15,323 - INFO - PDF ya existe: C:\Users\Wilmore\Downloads\evaluador_ine\output\pdfs\UCARANZA_SANCHEZ_VERONICA_ELIZABETH_40.pdf
2025-05-26 16:30:16,354 - DEBUG - Evaluando aptitud: Nivel Formación=doctorado, Exp Judicial Conteo=8, Riesgo Conteo=0
2025-05-26 16:30:16,355 - DEBUG - Resultado Aptitud: Apto
2025-05-26 16:30:16,356 - INFO - Procesando candidato 33/64: ZARZA DELGADO LUZ MARIA
2025-05-26 16:30:16,356 - INFO - PDF ya existe: C:\Users\Wilmore\Downloads\evaluador_ine\output\pdfs\ZARZA_DELGADO_LUZ_MARIA_41.pdf
2025-05-26 16:30:17,301 - DEBUG - Evaluando aptitud: Nivel Formación=doctorado, Exp Judicial Conteo=8, Riesgo Conteo=0
2025-05-26 16:30:17,302 - DEBUG - Resultado Aptitud: Apto
2025-05-26 16:30:17,303 - INFO - Procesando candidato 34/64: AGUILAR ORTIZ HUGO
2025-05-26 16:30:17,303 - INFO - PDF ya existe: C:\Users\Wilmore\Downloads\evaluador_ine\output\pdfs\AGUILAR_ORTIZ_HUGO_35.pdf
2025-05-26 16:30:18,244 - DEBUG - Evaluando aptitud: Nivel Formación=maestría, Exp Judicial Conteo=6, Riesgo Conteo=0
2025-05-26 16:30:18,244 - DEBUG - Resultado Aptitud: Observado
2025-05-26 16:30:18,245 - INFO - Procesando candidato 35/64: ALLIER CAMPUZANO JAIME
2025-05-26 16:30:18,246 - INFO - PDF ya existe: C:\Users\Wilmore\Downloads\evaluador_ine\output\pdfs\ALLIER_CAMPUZANO_JAIME_43.pdf
2025-05-26 16:30:19,152 - DEBUG - Evaluando aptitud: Nivel Formación=doctorado, Exp Judicial Conteo=8, Riesgo Conteo=0
2025-05-26 16:30:19,152 - DEBUG - Resultado Aptitud: Apto
2025-05-26 16:30:19,153 - INFO - Procesando candidato 36/64: ANAYA GALLARDO FEDERICO
2025-05-26 16:30:19,154 - INFO - PDF ya existe: C:\Users\Wilmore\Downloads\evaluador_ine\output\pdfs\ANAYA_GALLARDO_FEDERICO_36.pdf
2025-05-26 16:30:20,124 - DEBUG - Evaluando aptitud: Nivel Formación=doctorado, Exp Judicial Conteo=17, Riesgo Conteo=0
2025-05-26 16:30:20,124 - DEBUG - Resultado Aptitud: Apto
2025-05-26 16:30:20,125 - INFO - Procesando candidato 37/64: CARLIN DE LA FUENTE ULISES
2025-05-26 16:30:20,126 - INFO - PDF ya existe: C:\Users\Wilmore\Downloads\evaluador_ine\output\pdfs\CARLIN_DE_LA_FUENTE_ULISES_45.pdf
2025-05-26 16:30:21,105 - DEBUG - Evaluando aptitud: Nivel Formación=doctorado, Exp Judicial Conteo=8, Riesgo Conteo=0
2025-05-26 16:30:21,106 - DEBUG - Resultado Aptitud: Apto
2025-05-26 16:30:21,107 - INFO - Procesando candidato 38/64: CORZO SOSA EDGAR
2025-05-26 16:30:21,107 - INFO - PDF ya existe: C:\Users\Wilmore\Downloads\evaluador_ine\output\pdfs\CORZO_SOSA_EDGAR_46.pdf
2025-05-26 16:30:22,182 - DEBUG - Evaluando aptitud: Nivel Formación=doctorado, Exp Judicial Conteo=13, Riesgo Conteo=0
2025-05-26 16:30:22,183 - DEBUG - Resultado Aptitud: Apto
2025-05-26 16:30:22,183 - INFO - Procesando candidato 39/64: DAVILA RODRIGUEZ ABRAHAM AMIUD
2025-05-26 16:30:22,184 - INFO - PDF ya existe: C:\Users\Wilmore\Downloads\evaluador_ine\output\pdfs\DAVILA_RODRIGUEZ_ABRAHAM_AMIUD_47.pdf
2025-05-26 16:30:23,134 - DEBUG - Evaluando aptitud: Nivel Formación=doctorado, Exp Judicial Conteo=7, Riesgo Conteo=0
2025-05-26 16:30:23,135 - DEBUG - Resultado Aptitud: Observado
2025-05-26 16:30:23,136 - INFO - Procesando candidato 40/64: DE PAZ GONZALEZ ISAAC
2025-05-26 16:30:23,136 - INFO - PDF ya existe: C:\Users\Wilmore\Downloads\evaluador_ine\output\pdfs\DE_PAZ_GONZALEZ_ISAAC_231.pdf
2025-05-26 16:30:24,087 - DEBUG - Evaluando aptitud: Nivel Formación=doctorado, Exp Judicial Conteo=16, Riesgo Conteo=0
2025-05-26 16:30:24,087 - DEBUG - Resultado Aptitud: Apto
2025-05-26 16:30:24,088 - INFO - Procesando candidato 41/64: ESPINOSA BETANZO IRVING
2025-05-26 16:30:24,088 - INFO - PDF ya existe: C:\Users\Wilmore\Downloads\evaluador_ine\output\pdfs\ESPINOSA_BETANZO_IRVING_236.pdf
2025-05-26 16:30:25,076 - DEBUG - Evaluando aptitud: Nivel Formación=doctorado, Exp Judicial Conteo=13, Riesgo Conteo=0
2025-05-26 16:30:25,076 - DEBUG - Resultado Aptitud: Apto
2025-05-26 16:30:25,077 - INFO - Procesando candidato 42/64: ESPINOZA HERNANDEZ RAYMUNDO
2025-05-26 16:30:25,078 - INFO - PDF ya existe: C:\Users\Wilmore\Downloads\evaluador_ine\output\pdfs\ESPINOZA_HERNANDEZ_RAYMUNDO_50.pdf
2025-05-26 16:30:26,097 - DEBUG - Evaluando aptitud: Nivel Formación=maestría, Exp Judicial Conteo=14, Riesgo Conteo=0
2025-05-26 16:30:26,098 - DEBUG - Resultado Aptitud: Observado
2025-05-26 16:30:26,098 - INFO - Procesando candidato 43/64: FIGUEROA MEJIA GIOVANNI AZAEL
2025-05-26 16:30:26,099 - INFO - PDF ya existe: C:\Users\Wilmore\Downloads\evaluador_ine\output\pdfs\FIGUEROA_MEJIA_GIOVANNI_AZAEL_240.pdf
2025-05-26 16:30:27,116 - DEBUG - Evaluando aptitud: Nivel Formación=doctorado, Exp Judicial Conteo=10, Riesgo Conteo=0
2025-05-26 16:30:27,116 - DEBUG - Resultado Aptitud: Apto
2025-05-26 16:30:27,117 - INFO - Procesando candidato 44/64: FLORES CASTRO MAURICIO
2025-05-26 16:30:27,118 - INFO - PDF ya existe: C:\Users\Wilmore\Downloads\evaluador_ine\output\pdfs\FLORES_CASTRO_MAURICIO_52.pdf
2025-05-26 16:30:28,029 - DEBUG - Evaluando aptitud: Nivel Formación=maestría, Exp Judicial Conteo=3, Riesgo Conteo=1
2025-05-26 16:30:28,030 - DEBUG - Resultado Aptitud: No Apto
2025-05-26 16:30:28,030 - INFO - Procesando candidato 45/64: GARCIA GONZALEZ JAIME SALVADOR
2025-05-26 16:30:28,031 - INFO - PDF ya existe: C:\Users\Wilmore\Downloads\evaluador_ine\output\pdfs\GARCIA_GONZALEZ_JAIME_SALVADOR_53.pdf
2025-05-26 16:30:29,240 - DEBUG - Evaluando aptitud: Nivel Formación=licenciatura, Exp Judicial Conteo=16, Riesgo Conteo=2
2025-05-26 16:30:29,240 - DEBUG - Resultado Aptitud: No Apto
2025-05-26 16:30:29,241 - INFO - Procesando candidato 46/64: GARCIA GUERRA ANGEL MARIO
2025-05-26 16:30:29,242 - INFO - PDF ya existe: C:\Users\Wilmore\Downloads\evaluador_ine\output\pdfs\GARCIA_GUERRA_ANGEL_MARIO_54.pdf
2025-05-26 16:30:30,138 - DEBUG - Evaluando aptitud: Nivel Formación=doctorado, Exp Judicial Conteo=8, Riesgo Conteo=0
2025-05-26 16:30:30,139 - DEBUG - Resultado Aptitud: Apto
2025-05-26 16:30:30,140 - INFO - Procesando candidato 47/64: GARDUÑO PASTEN RICARDO
2025-05-26 16:30:30,140 - INFO - PDF ya existe: C:\Users\Wilmore\Downloads\evaluador_ine\output\pdfs\GARDUÑO_PASTEN_RICARDO_4106.pdf
2025-05-26 16:30:31,143 - DEBUG - Evaluando aptitud: Nivel Formación=doctorado, Exp Judicial Conteo=17, Riesgo Conteo=0
2025-05-26 16:30:31,144 - DEBUG - Resultado Aptitud: Apto
2025-05-26 16:30:31,145 - INFO - Procesando candidato 48/64: GUERRERO GARCIA ARISTIDES RODRIGO
2025-05-26 16:30:31,145 - INFO - PDF ya existe: C:\Users\Wilmore\Downloads\evaluador_ine\output\pdfs\GUERRERO_GARCIA_ARISTIDES_RODRIGO_243.pdf
2025-05-26 16:30:32,079 - DEBUG - Evaluando aptitud: Nivel Formación=doctorado, Exp Judicial Conteo=8, Riesgo Conteo=0
2025-05-26 16:30:32,080 - DEBUG - Resultado Aptitud: Apto
2025-05-26 16:30:32,080 - INFO - Procesando candidato 49/64: GUTIERREZ PRIEGO CESAR MARIO
2025-05-26 16:30:32,081 - INFO - PDF ya existe: C:\Users\Wilmore\Downloads\evaluador_ine\output\pdfs\GUTIERREZ_PRIEGO_CESAR_MARIO_56.pdf
2025-05-26 16:30:33,081 - DEBUG - Evaluando aptitud: Nivel Formación=maestría, Exp Judicial Conteo=16, Riesgo Conteo=0
2025-05-26 16:30:33,081 - DEBUG - Resultado Aptitud: Observado
2025-05-26 16:30:33,082 - INFO - Procesando candidato 50/64: HERNANDEZ PALACIOS MIRON LUIS RAFAEL
2025-05-26 16:30:33,082 - INFO - PDF ya existe: C:\Users\Wilmore\Downloads\evaluador_ine\output\pdfs\HERNANDEZ_PALACIOS_MIRON_LUIS_RAFAEL_244.pdf
2025-05-26 16:30:34,069 - DEBUG - Evaluando aptitud: Nivel Formación=maestría, Exp Judicial Conteo=14, Riesgo Conteo=0
2025-05-26 16:30:34,070 - DEBUG - Resultado Aptitud: Observado
2025-05-26 16:30:34,070 - INFO - Procesando candidato 51/64: ILLANES OLIVARES ROBERTO SALVADOR
2025-05-26 16:30:34,071 - INFO - PDF ya existe: C:\Users\Wilmore\Downloads\evaluador_ine\output\pdfs\ILLANES_OLIVARES_ROBERTO_SALVADOR_58.pdf
2025-05-26 16:30:35,014 - DEBUG - Evaluando aptitud: Nivel Formación=maestría, Exp Judicial Conteo=11, Riesgo Conteo=0
2025-05-26 16:30:35,014 - DEBUG - Resultado Aptitud: Observado
2025-05-26 16:30:35,015 - INFO - Procesando candidato 52/64: JIMENEZ GUTIERREZ JAVIER
2025-05-26 16:30:35,015 - INFO - PDF ya existe: C:\Users\Wilmore\Downloads\evaluador_ine\output\pdfs\JIMENEZ_GUTIERREZ_JAVIER_246.pdf
2025-05-26 16:30:36,022 - DEBUG - Evaluando aptitud: Nivel Formación=maestría, Exp Judicial Conteo=9, Riesgo Conteo=0
2025-05-26 16:30:36,022 - DEBUG - Resultado Aptitud: Observado
2025-05-26 16:30:36,023 - INFO - Procesando candidato 53/64: LOPEZ ANDRADE GUILLERMO PABLO
2025-05-26 16:30:36,024 - INFO - PDF ya existe: C:\Users\Wilmore\Downloads\evaluador_ine\output\pdfs\LOPEZ_ANDRADE_GUILLERMO_PABLO_4049.pdf
2025-05-26 16:30:37,057 - DEBUG - Evaluando aptitud: Nivel Formación=maestría, Exp Judicial Conteo=9, Riesgo Conteo=0
2025-05-26 16:30:37,058 - DEBUG - Resultado Aptitud: Observado
2025-05-26 16:30:37,058 - INFO - Procesando candidato 54/64: LUNA JAIME FRANCISCO
2025-05-26 16:30:37,059 - INFO - PDF ya existe: C:\Users\Wilmore\Downloads\evaluador_ine\output\pdfs\LUNA_JAIME_FRANCISCO_60.pdf
2025-05-26 16:30:38,049 - DEBUG - Evaluando aptitud: Nivel Formación=licenciatura, Exp Judicial Conteo=11, Riesgo Conteo=0
2025-05-26 16:30:38,050 - DEBUG - Resultado Aptitud: No Apto
2025-05-26 16:30:38,050 - INFO - Procesando candidato 55/64: MOLINA MARTINEZ SERGIO JAVIER
2025-05-26 16:30:38,051 - INFO - PDF ya existe: C:\Users\Wilmore\Downloads\evaluador_ine\output\pdfs\MOLINA_MARTINEZ_SERGIO_JAVIER_61.pdf
2025-05-26 16:30:39,149 - DEBUG - Evaluando aptitud: Nivel Formación=doctorado, Exp Judicial Conteo=8, Riesgo Conteo=0
2025-05-26 16:30:39,149 - DEBUG - Resultado Aptitud: Apto
2025-05-26 16:30:39,150 - INFO - Procesando candidato 56/64: MOLINAR ROHANA LUIS EDWIN
2025-05-26 16:30:39,151 - INFO - PDF ya existe: C:\Users\Wilmore\Downloads\evaluador_ine\output\pdfs\MOLINAR_ROHANA_LUIS_EDWIN_250.pdf
2025-05-26 16:30:40,649 - DEBUG - Evaluando aptitud: Nivel Formación=maestría, Exp Judicial Conteo=18, Riesgo Conteo=0
2025-05-26 16:30:40,649 - DEBUG - Resultado Aptitud: Observado
2025-05-26 16:30:40,650 - INFO - Procesando candidato 57/64: ODRIOZOLA MARISCAL CARLOS ENRIQUE
2025-05-26 16:30:40,651 - INFO - PDF ya existe: C:\Users\Wilmore\Downloads\evaluador_ine\output\pdfs\ODRIOZOLA_MARISCAL_CARLOS_ENRIQUE_63.pdf
2025-05-26 16:30:41,749 - DEBUG - Evaluando aptitud: Nivel Formación=maestría, Exp Judicial Conteo=15, Riesgo Conteo=0
2025-05-26 16:30:41,750 - DEBUG - Resultado Aptitud: Observado
2025-05-26 16:30:41,750 - INFO - Procesando candidato 58/64: OLMEDO PIÑA CESAR ENRIQUE
2025-05-26 16:30:41,751 - INFO - PDF ya existe: C:\Users\Wilmore\Downloads\evaluador_ine\output\pdfs\OLMEDO_PIÑA_CESAR_ENRIQUE_64.pdf
2025-05-26 16:30:42,775 - DEBUG - Evaluando aptitud: Nivel Formación=maestría, Exp Judicial Conteo=9, Riesgo Conteo=0
2025-05-26 16:30:42,775 - DEBUG - Resultado Aptitud: Observado
2025-05-26 16:30:42,776 - INFO - Procesando candidato 59/64: REGIS LOPEZ GABRIEL
2025-05-26 16:30:42,777 - INFO - PDF ya existe: C:\Users\Wilmore\Downloads\evaluador_ine\output\pdfs\REGIS_LOPEZ_GABRIEL_254.pdf
2025-05-26 16:30:43,940 - DEBUG - Evaluando aptitud: Nivel Formación=maestría, Exp Judicial Conteo=9, Riesgo Conteo=1
2025-05-26 16:30:43,941 - DEBUG - Resultado Aptitud: No Apto
2025-05-26 16:30:43,941 - INFO - Procesando candidato 60/64: SANTILLAN PEREZ EDUARDO
2025-05-26 16:30:43,942 - INFO - PDF ya existe: C:\Users\Wilmore\Downloads\evaluador_ine\output\pdfs\SANTILLAN_PEREZ_EDUARDO_256.pdf
2025-05-26 16:30:45,042 - DEBUG - Evaluando aptitud: Nivel Formación=doctorado, Exp Judicial Conteo=4, Riesgo Conteo=0
2025-05-26 16:30:45,043 - DEBUG - Resultado Aptitud: No Apto
2025-05-26 16:30:45,043 - INFO - Procesando candidato 61/64: SODI CUELLAR RICARDO ALFREDO
2025-05-26 16:30:45,045 - INFO - PDF ya existe: C:\Users\Wilmore\Downloads\evaluador_ine\output\pdfs\SODI_CUELLAR_RICARDO_ALFREDO_66.pdf
2025-05-26 16:30:46,178 - DEBUG - Evaluando aptitud: Nivel Formación=doctorado, Exp Judicial Conteo=16, Riesgo Conteo=0
2025-05-26 16:30:46,179 - DEBUG - Resultado Aptitud: Apto
2025-05-26 16:30:46,180 - INFO - Procesando candidato 62/64: SORELA CASTILLO ANTONIO
2025-05-26 16:30:46,180 - INFO - PDF ya existe: C:\Users\Wilmore\Downloads\evaluador_ine\output\pdfs\SORELA_CASTILLO_ANTONIO_259.pdf
2025-05-26 16:30:47,139 - DEBUG - Evaluando aptitud: Nivel Formación=doctorado, Exp Judicial Conteo=10, Riesgo Conteo=0
2025-05-26 16:30:47,140 - DEBUG - Resultado Aptitud: Apto
2025-05-26 16:30:47,140 - INFO - Procesando candidato 63/64: TORRES MALDONADO EDUARDO JOSE
2025-05-26 16:30:47,141 - INFO - PDF ya existe: C:\Users\Wilmore\Downloads\evaluador_ine\output\pdfs\TORRES_MALDONADO_EDUARDO_JOSE_67.pdf
2025-05-26 16:30:48,207 - DEBUG - Evaluando aptitud: Nivel Formación=doctorado, Exp Judicial Conteo=15, Riesgo Conteo=0
2025-05-26 16:30:48,207 - DEBUG - Resultado Aptitud: Apto
2025-05-26 16:30:48,208 - INFO - Procesando candidato 64/64: TORTOLERO SERRANO MAURICIO RICARDO III
2025-05-26 16:30:48,209 - INFO - PDF ya existe: C:\Users\Wilmore\Downloads\evaluador_ine\output\pdfs\TORTOLERO_SERRANO_MAURICIO_RICARDO_III_4107.pdf
2025-05-26 16:30:49,134 - DEBUG - Evaluando aptitud: Nivel Formación=doctorado, Exp Judicial Conteo=12, Riesgo Conteo=0
2025-05-26 16:30:49,135 - DEBUG - Resultado Aptitud: Apto
2025-05-26 16:30:49,220 - INFO - Resultados guardados en hoja 'SCJN' de C:\Users\Wilmore\Downloads\evaluador_ine\output\resultados\resultados_ministros_scjn.xlsx
2025-05-26 16:30:49,221 - INFO - Procesando sección: TDJ
2025-05-26 16:30:49,222 - INFO - Usando archivo: C:\Users\Wilmore\Downloads\evaluador_ine\data\raw\Candidatos_MTDJ_26-05-2025.xlsx
2025-05-26 16:30:49,234 - INFO - Total de candidatos a procesar: 38
2025-05-26 16:30:49,235 - INFO - Procesando candidato 1/38: CAMACHO CONTRERAS ARIADNA
2025-05-26 16:30:49,235 - INFO - PDF ya existe: C:\Users\Wilmore\Downloads\evaluador_ine\output\pdfs\CAMACHO_CONTRERAS_ARIADNA_15058.pdf
2025-05-26 16:30:50,364 - DEBUG - Evaluando aptitud: Nivel Formación=maestría, Exp Judicial Conteo=19, Riesgo Conteo=0
2025-05-26 16:30:50,364 - DEBUG - Resultado Aptitud: Observado
2025-05-26 16:30:50,365 - INFO - Procesando candidato 2/38: DE GYVES ZARATE EVA VERONICA
2025-05-26 16:30:50,366 - INFO - PDF ya existe: C:\Users\Wilmore\Downloads\evaluador_ine\output\pdfs\DE_GYVES_ZARATE_EVA_VERONICA_15353.pdf
2025-05-26 16:30:51,498 - DEBUG - Evaluando aptitud: Nivel Formación=maestría, Exp Judicial Conteo=16, Riesgo Conteo=0
2025-05-26 16:30:51,499 - DEBUG - Resultado Aptitud: Observado
2025-05-26 16:30:51,499 - INFO - Procesando candidato 3/38: DIAZ DE LEON BENARD ABIGAIL
2025-05-26 16:30:51,500 - INFO - PDF ya existe: C:\Users\Wilmore\Downloads\evaluador_ine\output\pdfs\DIAZ_DE_LEON_BENARD_ABIGAIL_15714.pdf
2025-05-26 16:30:52,491 - DEBUG - Evaluando aptitud: Nivel Formación=doctorado, Exp Judicial Conteo=18, Riesgo Conteo=1
2025-05-26 16:30:52,492 - DEBUG - Resultado Aptitud: No Apto
2025-05-26 16:30:52,492 - INFO - Procesando candidato 4/38: GARCIA PEREZ INDIRA ISABEL
2025-05-26 16:30:52,493 - INFO - PDF ya existe: C:\Users\Wilmore\Downloads\evaluador_ine\output\pdfs\GARCIA_PEREZ_INDIRA_ISABEL_15956.pdf
2025-05-26 16:30:53,423 - DEBUG - Evaluando aptitud: Nivel Formación=maestría, Exp Judicial Conteo=13, Riesgo Conteo=0
2025-05-26 16:30:53,424 - DEBUG - Resultado Aptitud: Observado
2025-05-26 16:30:53,425 - INFO - Procesando candidato 5/38: GOMEZ SCHULZ VERONICA PATRICIA
2025-05-26 16:30:53,425 - INFO - PDF ya existe: C:\Users\Wilmore\Downloads\evaluador_ine\output\pdfs\GOMEZ_SCHULZ_VERONICA_PATRICIA_15877.pdf
2025-05-26 16:30:54,270 - DEBUG - Evaluando aptitud: Nivel Formación=doctorado, Exp Judicial Conteo=6, Riesgo Conteo=0
2025-05-26 16:30:54,270 - DEBUG - Resultado Aptitud: Observado
2025-05-26 16:30:54,271 - INFO - Procesando candidato 6/38: GORDILLO ARGÜELLO ANABEL
2025-05-26 16:30:54,271 - INFO - PDF ya existe: C:\Users\Wilmore\Downloads\evaluador_ine\output\pdfs\GORDILLO_ARGÜELLO_ANABEL_16128.pdf
2025-05-26 16:30:55,257 - DEBUG - Evaluando aptitud: Nivel Formación=maestría, Exp Judicial Conteo=7, Riesgo Conteo=0
2025-05-26 16:30:55,257 - DEBUG - Resultado Aptitud: Observado
2025-05-26 16:30:55,258 - INFO - Procesando candidato 7/38: HERNANDEZ HERNANDEZ LILIANA
2025-05-26 16:30:55,259 - INFO - PDF ya existe: C:\Users\Wilmore\Downloads\evaluador_ine\output\pdfs\HERNANDEZ_HERNANDEZ_LILIANA_16511.pdf
2025-05-26 16:30:56,302 - DEBUG - Evaluando aptitud: Nivel Formación=doctorado, Exp Judicial Conteo=9, Riesgo Conteo=0
2025-05-26 16:30:56,302 - DEBUG - Resultado Aptitud: Apto
2025-05-26 16:30:56,303 - INFO - Procesando candidato 8/38: JIMENEZ AGUIRRE FANY LORENA
2025-05-26 16:30:56,304 - INFO - PDF ya existe: C:\Users\Wilmore\Downloads\evaluador_ine\output\pdfs\JIMENEZ_AGUIRRE_FANY_LORENA_16479.pdf
2025-05-26 16:30:57,292 - DEBUG - Evaluando aptitud: Nivel Formación=doctorado, Exp Judicial Conteo=15, Riesgo Conteo=0
2025-05-26 16:30:57,293 - DEBUG - Resultado Aptitud: Apto
2025-05-26 16:30:57,293 - INFO - Procesando candidato 9/38: MAYA GARCIA CELIA
2025-05-26 16:30:57,294 - INFO - PDF ya existe: C:\Users\Wilmore\Downloads\evaluador_ine\output\pdfs\MAYA_GARCIA_CELIA_16954.pdf
2025-05-26 16:30:58,339 - DEBUG - Evaluando aptitud: Nivel Formación=maestría, Exp Judicial Conteo=12, Riesgo Conteo=0
2025-05-26 16:30:58,339 - DEBUG - Resultado Aptitud: Observado
2025-05-26 16:30:58,340 - INFO - Procesando candidato 10/38: OCHOA HERNANDEZ BLANCA ALICIA
2025-05-26 16:30:58,340 - INFO - PDF ya existe: C:\Users\Wilmore\Downloads\evaluador_ine\output\pdfs\OCHOA_HERNANDEZ_BLANCA_ALICIA_17315.pdf
2025-05-26 16:30:59,317 - DEBUG - Evaluando aptitud: Nivel Formación=maestría, Exp Judicial Conteo=16, Riesgo Conteo=0
2025-05-26 16:30:59,318 - DEBUG - Resultado Aptitud: Observado
2025-05-26 16:30:59,319 - INFO - Procesando candidato 11/38: OTERO GARCIA YOLANDA
2025-05-26 16:30:59,319 - INFO - PDF ya existe: C:\Users\Wilmore\Downloads\evaluador_ine\output\pdfs\OTERO_GARCIA_YOLANDA_17416.pdf
2025-05-26 16:31:00,301 - DEBUG - Evaluando aptitud: Nivel Formación=maestría, Exp Judicial Conteo=15, Riesgo Conteo=0
2025-05-26 16:31:00,302 - DEBUG - Resultado Aptitud: Observado
2025-05-26 16:31:00,302 - INFO - Procesando candidato 12/38: PINEDO CORRALES MARTHA BEATRIZ
2025-05-26 16:31:00,303 - INFO - PDF ya existe: C:\Users\Wilmore\Downloads\evaluador_ine\output\pdfs\PINEDO_CORRALES_MARTHA_BEATRIZ_17465.pdf
2025-05-26 16:31:01,297 - DEBUG - Evaluando aptitud: Nivel Formación=maestría, Exp Judicial Conteo=20, Riesgo Conteo=0
2025-05-26 16:31:01,297 - DEBUG - Resultado Aptitud: Observado
2025-05-26 16:31:01,298 - INFO - Procesando candidato 13/38: REYES OROPEZA MA. BELEN
2025-05-26 16:31:01,299 - INFO - PDF ya existe: C:\Users\Wilmore\Downloads\evaluador_ine\output\pdfs\REYES_OROPEZA_MA._BELEN_17787.pdf
2025-05-26 16:31:02,266 - DEBUG - Evaluando aptitud: Nivel Formación=maestría, Exp Judicial Conteo=18, Riesgo Conteo=0
2025-05-26 16:31:02,266 - DEBUG - Resultado Aptitud: Observado
2025-05-26 16:31:02,267 - INFO - Procesando candidato 14/38: RIVERA REYES JAZMIN GABRIELA
2025-05-26 16:31:02,268 - INFO - PDF ya existe: C:\Users\Wilmore\Downloads\evaluador_ine\output\pdfs\RIVERA_REYES_JAZMIN_GABRIELA_17545.pdf
2025-05-26 16:31:03,187 - DEBUG - Evaluando aptitud: Nivel Formación=maestría, Exp Judicial Conteo=9, Riesgo Conteo=0
2025-05-26 16:31:03,187 - DEBUG - Resultado Aptitud: Observado
2025-05-26 16:31:03,188 - INFO - Procesando candidato 15/38: ROJAS LETECHIPIA MARIA ISABEL
2025-05-26 16:31:03,189 - INFO - PDF ya existe: C:\Users\Wilmore\Downloads\evaluador_ine\output\pdfs\ROJAS_LETECHIPIA_MARIA_ISABEL_17905.pdf
2025-05-26 16:31:04,179 - DEBUG - Evaluando aptitud: Nivel Formación=maestría, Exp Judicial Conteo=15, Riesgo Conteo=0
2025-05-26 16:31:04,180 - DEBUG - Resultado Aptitud: Observado
2025-05-26 16:31:04,181 - INFO - Procesando candidato 16/38: SALINAS SILVA ROSA MARIA
2025-05-26 16:31:04,181 - INFO - PDF ya existe: C:\Users\Wilmore\Downloads\evaluador_ine\output\pdfs\SALINAS_SILVA_ROSA_MARIA_17975.pdf
2025-05-26 16:31:05,234 - DEBUG - Evaluando aptitud: Nivel Formación=maestría, Exp Judicial Conteo=7, Riesgo Conteo=0
2025-05-26 16:31:05,235 - DEBUG - Resultado Aptitud: Observado
2025-05-26 16:31:05,236 - INFO - Procesando candidato 17/38: SANCHEZ CASTILLO MONICA
2025-05-26 16:31:05,238 - INFO - PDF ya existe: C:\Users\Wilmore\Downloads\evaluador_ine\output\pdfs\SANCHEZ_CASTILLO_MONICA_18013.pdf
2025-05-26 16:31:06,369 - DEBUG - Evaluando aptitud: Nivel Formación=licenciatura, Exp Judicial Conteo=5, Riesgo Conteo=0
2025-05-26 16:31:06,369 - DEBUG - Resultado Aptitud: No Apto
2025-05-26 16:31:06,370 - INFO - Procesando candidato 18/38: URIBE OBREGON DENISSE DE LOS ANGELES
2025-05-26 16:31:06,371 - INFO - PDF ya existe: C:\Users\Wilmore\Downloads\evaluador_ine\output\pdfs\URIBE_OBREGON_DENISSE_DE_LOS_ANGELES_18485.pdf
2025-05-26 16:31:07,395 - DEBUG - Evaluando aptitud: Nivel Formación=doctorado, Exp Judicial Conteo=10, Riesgo Conteo=0
2025-05-26 16:31:07,396 - DEBUG - Resultado Aptitud: Apto
2025-05-26 16:31:07,396 - INFO - Procesando candidato 19/38: VERA MADRIGAL MARIA ELISA
2025-05-26 16:31:07,397 - INFO - PDF ya existe: C:\Users\Wilmore\Downloads\evaluador_ine\output\pdfs\VERA_MADRIGAL_MARIA_ELISA_18545.pdf
2025-05-26 16:31:08,573 - DEBUG - Evaluando aptitud: Nivel Formación=maestría, Exp Judicial Conteo=11, Riesgo Conteo=0
2025-05-26 16:31:08,573 - DEBUG - Resultado Aptitud: Observado
2025-05-26 16:31:08,574 - INFO - Procesando candidato 20/38: VILLA BEDOLLA HASUBA
2025-05-26 16:31:08,574 - INFO - PDF ya existe: C:\Users\Wilmore\Downloads\evaluador_ine\output\pdfs\VILLA_BEDOLLA_HASUBA_18572.pdf
2025-05-26 16:31:09,564 - DEBUG - Evaluando aptitud: Nivel Formación=maestría, Exp Judicial Conteo=11, Riesgo Conteo=0
2025-05-26 16:31:09,565 - DEBUG - Resultado Aptitud: Observado
2025-05-26 16:31:09,567 - INFO - Procesando candidato 21/38: ALCUDIA VAZQUEZ JUAN PEDRO
2025-05-26 16:31:09,568 - INFO - PDF ya existe: C:\Users\Wilmore\Downloads\evaluador_ine\output\pdfs\ALCUDIA_VAZQUEZ_JUAN_PEDRO_14596.pdf
2025-05-26 16:31:10,895 - DEBUG - Evaluando aptitud: Nivel Formación=maestría, Exp Judicial Conteo=16, Riesgo Conteo=0
2025-05-26 16:31:10,896 - DEBUG - Resultado Aptitud: Observado
2025-05-26 16:31:10,897 - INFO - Procesando candidato 22/38: AVILA MARTINEZ OCTAVIO
2025-05-26 16:31:10,898 - INFO - PDF ya existe: C:\Users\Wilmore\Downloads\evaluador_ine\output\pdfs\AVILA_MARTINEZ_OCTAVIO_15082.pdf
2025-05-26 16:31:11,818 - DEBUG - Evaluando aptitud: Nivel Formación=maestría, Exp Judicial Conteo=9, Riesgo Conteo=1
2025-05-26 16:31:11,819 - DEBUG - Resultado Aptitud: No Apto
2025-05-26 16:31:11,819 - INFO - Procesando candidato 23/38: BATIZ VAZQUEZ BERNARDO
2025-05-26 16:31:11,820 - INFO - PDF ya existe: C:\Users\Wilmore\Downloads\evaluador_ine\output\pdfs\BATIZ_VAZQUEZ_BERNARDO_14818.pdf
2025-05-26 16:31:13,171 - DEBUG - Evaluando aptitud: Nivel Formación=maestría, Exp Judicial Conteo=13, Riesgo Conteo=1
2025-05-26 16:31:13,171 - DEBUG - Resultado Aptitud: No Apto
2025-05-26 16:31:13,172 - INFO - Procesando candidato 24/38: CARBAJAL DIAZ JUVENAL
2025-05-26 16:31:13,173 - INFO - PDF ya existe: C:\Users\Wilmore\Downloads\evaluador_ine\output\pdfs\CARBAJAL_DIAZ_JUVENAL_15115.pdf
2025-05-26 16:31:14,122 - DEBUG - Evaluando aptitud: Nivel Formación=maestría, Exp Judicial Conteo=13, Riesgo Conteo=0
2025-05-26 16:31:14,122 - DEBUG - Resultado Aptitud: Observado
2025-05-26 16:31:14,123 - INFO - Procesando candidato 25/38: CEJA GONZALEZ LUIS MIGUEL
2025-05-26 16:31:14,124 - INFO - PDF ya existe: C:\Users\Wilmore\Downloads\evaluador_ine\output\pdfs\CEJA_GONZALEZ_LUIS_MIGUEL_15414.pdf
2025-05-26 16:31:15,126 - DEBUG - Evaluando aptitud: Nivel Formación=doctorado, Exp Judicial Conteo=11, Riesgo Conteo=0
2025-05-26 16:31:15,126 - DEBUG - Resultado Aptitud: Apto
2025-05-26 16:31:15,127 - INFO - Procesando candidato 26/38: CLEMENTE PEREZ JORGE ALFREDO
2025-05-26 16:31:15,127 - INFO - PDF ya existe: C:\Users\Wilmore\Downloads\evaluador_ine\output\pdfs\CLEMENTE_PEREZ_JORGE_ALFREDO_15549.pdf
2025-05-26 16:31:16,127 - DEBUG - Evaluando aptitud: Nivel Formación=maestría, Exp Judicial Conteo=15, Riesgo Conteo=0
2025-05-26 16:31:16,127 - DEBUG - Resultado Aptitud: Observado
2025-05-26 16:31:16,128 - INFO - Procesando candidato 27/38: CRUZ RAMOS JORGE ANTONIO
2025-05-26 16:31:16,129 - INFO - PDF ya existe: C:\Users\Wilmore\Downloads\evaluador_ine\output\pdfs\CRUZ_RAMOS_JORGE_ANTONIO_15322.pdf
2025-05-26 16:31:17,076 - DEBUG - Evaluando aptitud: Nivel Formación=doctorado, Exp Judicial Conteo=13, Riesgo Conteo=0
2025-05-26 16:31:17,077 - DEBUG - Resultado Aptitud: Apto
2025-05-26 16:31:17,077 - INFO - Procesando candidato 28/38: DE LOS SANTOS CRUZ MIGUEL ANGEL
2025-05-26 16:31:17,078 - INFO - PDF ya existe: C:\Users\Wilmore\Downloads\evaluador_ine\output\pdfs\DE_LOS_SANTOS_CRUZ_MIGUEL_ANGEL_15375.pdf
2025-05-26 16:31:18,002 - DEBUG - Evaluando aptitud: Nivel Formación=maestría, Exp Judicial Conteo=7, Riesgo Conteo=0
2025-05-26 16:31:18,002 - DEBUG - Resultado Aptitud: Observado
2025-05-26 16:31:18,003 - INFO - Procesando candidato 29/38: FRANCO GUEVARA ADOLFO
2025-05-26 16:31:18,004 - INFO - PDF ya existe: C:\Users\Wilmore\Downloads\evaluador_ine\output\pdfs\FRANCO_GUEVARA_ADOLFO_15686.pdf
2025-05-26 16:31:19,037 - DEBUG - Evaluando aptitud: Nivel Formación=maestría, Exp Judicial Conteo=17, Riesgo Conteo=0
2025-05-26 16:31:19,037 - DEBUG - Resultado Aptitud: Observado
2025-05-26 16:31:19,038 - INFO - Procesando candidato 30/38: GALINZOGA ESPARZA GILDARDO
2025-05-26 16:31:19,039 - INFO - PDF ya existe: C:\Users\Wilmore\Downloads\evaluador_ine\output\pdfs\GALINZOGA_ESPARZA_GILDARDO_16036.pdf
2025-05-26 16:31:19,985 - DEBUG - Evaluando aptitud: Nivel Formación=doctorado, Exp Judicial Conteo=12, Riesgo Conteo=0
2025-05-26 16:31:19,986 - DEBUG - Resultado Aptitud: Apto
2025-05-26 16:31:19,986 - INFO - Procesando candidato 31/38: H LEON TOVAR RUFINO
2025-05-26 16:31:19,987 - INFO - PDF ya existe: C:\Users\Wilmore\Downloads\evaluador_ine\output\pdfs\H_LEON_TOVAR_RUFINO_16160.pdf
2025-05-26 16:31:20,897 - DEBUG - Evaluando aptitud: Nivel Formación=maestría, Exp Judicial Conteo=9, Riesgo Conteo=0
2025-05-26 16:31:20,898 - DEBUG - Resultado Aptitud: Observado
2025-05-26 16:31:20,899 - INFO - Procesando candidato 32/38: JIMENEZ LOPEZ J. GUADALUPE
2025-05-26 16:31:20,899 - INFO - PDF ya existe: C:\Users\Wilmore\Downloads\evaluador_ine\output\pdfs\JIMENEZ_LOPEZ_J._GUADALUPE_16480.pdf
2025-05-26 16:31:21,853 - DEBUG - Evaluando aptitud: Nivel Formación=maestría, Exp Judicial Conteo=12, Riesgo Conteo=0
2025-05-26 16:31:21,854 - DEBUG - Resultado Aptitud: Observado
2025-05-26 16:31:21,854 - INFO - Procesando candidato 33/38: LAGUNES LEANO JORGE ISAAC
2025-05-26 16:31:21,855 - INFO - PDF ya existe: C:\Users\Wilmore\Downloads\evaluador_ine\output\pdfs\LAGUNES_LEANO_JORGE_ISAAC_16369.pdf
2025-05-26 16:31:22,743 - DEBUG - Evaluando aptitud: Nivel Formación=doctorado, Exp Judicial Conteo=10, Riesgo Conteo=0
2025-05-26 16:31:22,743 - DEBUG - Resultado Aptitud: Apto
2025-05-26 16:31:22,744 - INFO - Procesando candidato 34/38: MONTIEL FLORES EMANUEL
2025-05-26 16:31:22,745 - INFO - PDF ya existe: C:\Users\Wilmore\Downloads\evaluador_ine\output\pdfs\MONTIEL_FLORES_EMANUEL_17170.pdf
2025-05-26 16:31:23,658 - DEBUG - Evaluando aptitud: Nivel Formación=doctorado, Exp Judicial Conteo=18, Riesgo Conteo=0
2025-05-26 16:31:23,658 - DEBUG - Resultado Aptitud: Apto
2025-05-26 16:31:23,659 - INFO - Procesando candidato 35/38: RODRIGUEZ GARDUÑO ROGELIO ZACARIAS
2025-05-26 16:31:23,660 - INFO - PDF ya existe: C:\Users\Wilmore\Downloads\evaluador_ine\output\pdfs\RODRIGUEZ_GARDUÑO_ROGELIO_ZACARIAS_17873.pdf
2025-05-26 16:31:24,612 - DEBUG - Evaluando aptitud: Nivel Formación=doctorado, Exp Judicial Conteo=13, Riesgo Conteo=0
2025-05-26 16:31:24,612 - DEBUG - Resultado Aptitud: Apto
2025-05-26 16:31:24,613 - INFO - Procesando candidato 36/38: SALAZAR SOBERANIS JUAN CARLOS
2025-05-26 16:31:24,614 - INFO - PDF ya existe: C:\Users\Wilmore\Downloads\evaluador_ine\output\pdfs\SALAZAR_SOBERANIS_JUAN_CARLOS_17941.pdf
2025-05-26 16:31:25,543 - DEBUG - Evaluando aptitud: Nivel Formación=especialidad, Exp Judicial Conteo=13, Riesgo Conteo=0
2025-05-26 16:31:25,544 - DEBUG - Resultado Aptitud: No Apto
2025-05-26 16:31:25,545 - INFO - Procesando candidato 37/38: SANTANA TURRAL JAIME
2025-05-26 16:31:25,545 - INFO - PDF ya existe: C:\Users\Wilmore\Downloads\evaluador_ine\output\pdfs\SANTANA_TURRAL_JAIME_18224.pdf
2025-05-26 16:31:26,532 - DEBUG - Evaluando aptitud: Nivel Formación=doctorado, Exp Judicial Conteo=18, Riesgo Conteo=0
2025-05-26 16:31:26,533 - DEBUG - Resultado Aptitud: Apto
2025-05-26 16:31:26,533 - INFO - Procesando candidato 38/38: ZUÑIGA MENDOZA JOSE ARTEMIO
2025-05-26 16:31:26,534 - INFO - PDF ya existe: C:\Users\Wilmore\Downloads\evaluador_ine\output\pdfs\ZUÑIGA_MENDOZA_JOSE_ARTEMIO_18668.pdf
2025-05-26 16:31:27,521 - DEBUG - Evaluando aptitud: Nivel Formación=doctorado, Exp Judicial Conteo=16, Riesgo Conteo=0
2025-05-26 16:31:27,521 - DEBUG - Resultado Aptitud: Apto
2025-05-26 16:31:27,594 - INFO - Resultados guardados en hoja 'TDJ' de C:\Users\Wilmore\Downloads\evaluador_ine\output\resultados\resultados_magistrados_tdj.xlsx
2025-05-26 16:31:27,595 - INFO - Procesando sección: SALA_SUPERIOR
2025-05-26 16:31:27,596 - INFO - Usando archivo: C:\Users\Wilmore\Downloads\evaluador_ine\data\raw\Candidatos_MSSTEPJF_26-05-2025.xlsx
2025-05-26 16:31:27,606 - INFO - Total de candidatos a procesar: 15
2025-05-26 16:31:27,606 - INFO - Procesando candidato 1/15: BALDERAS FERNANDEZ CONCEPCION MARIA DEL ROCIO
2025-05-26 16:31:27,607 - INFO - PDF ya existe: C:\Users\Wilmore\Downloads\evaluador_ine\output\pdfs\BALDERAS_FERNANDEZ_CONCEPCION_MARIA_DEL_ROCIO_302.pdf
2025-05-26 16:31:28,600 - DEBUG - Evaluando aptitud: Nivel Formación=especialidad, Exp Judicial Conteo=16, Riesgo Conteo=0
2025-05-26 16:31:28,600 - DEBUG - Resultado Aptitud: No Apto
2025-05-26 16:31:28,601 - INFO - Procesando candidato 2/15: DEL VALLE PEREZ GABRIELA EUGENIA
2025-05-26 16:31:28,602 - INFO - PDF ya existe: C:\Users\Wilmore\Downloads\evaluador_ine\output\pdfs\DEL_VALLE_PEREZ_GABRIELA_EUGENIA_306.pdf
2025-05-26 16:31:29,716 - DEBUG - Evaluando aptitud: Nivel Formación=doctorado, Exp Judicial Conteo=17, Riesgo Conteo=0
2025-05-26 16:31:29,717 - DEBUG - Resultado Aptitud: Apto
2025-05-26 16:31:29,718 - INFO - Procesando candidato 3/15: FAVELA HERRERA ADRIANA MARGARITA
2025-05-26 16:31:29,719 - INFO - PDF ya existe: C:\Users\Wilmore\Downloads\evaluador_ine\output\pdfs\FAVELA_HERRERA_ADRIANA_MARGARITA_110.pdf
2025-05-26 16:31:30,705 - DEBUG - Evaluando aptitud: Nivel Formación=doctorado, Exp Judicial Conteo=18, Riesgo Conteo=0
2025-05-26 16:31:30,705 - DEBUG - Resultado Aptitud: Apto
2025-05-26 16:31:30,706 - INFO - Procesando candidato 4/15: PEREZ CRUZ SANDRA
2025-05-26 16:31:30,707 - INFO - PDF ya existe: C:\Users\Wilmore\Downloads\evaluador_ine\output\pdfs\PEREZ_CRUZ_SANDRA_111.pdf
2025-05-26 16:31:31,730 - DEBUG - Evaluando aptitud: Nivel Formación=licenciatura, Exp Judicial Conteo=13, Riesgo Conteo=0
2025-05-26 16:31:31,731 - DEBUG - Resultado Aptitud: No Apto
2025-05-26 16:31:31,731 - INFO - Procesando candidato 5/15: RAMIREZ GARCIA DULCE MAGALLI
2025-05-26 16:31:31,732 - INFO - PDF ya existe: C:\Users\Wilmore\Downloads\evaluador_ine\output\pdfs\RAMIREZ_GARCIA_DULCE_MAGALLI_4108.pdf
2025-05-26 16:31:32,687 - DEBUG - Evaluando aptitud: Nivel Formación=maestría, Exp Judicial Conteo=15, Riesgo Conteo=1
2025-05-26 16:31:32,687 - DEBUG - Resultado Aptitud: No Apto
2025-05-26 16:31:32,688 - INFO - Procesando candidato 6/15: VALLE AGUILASOCHO CLAUDIA
2025-05-26 16:31:32,689 - INFO - PDF ya existe: C:\Users\Wilmore\Downloads\evaluador_ine\output\pdfs\VALLE_AGUILASOCHO_CLAUDIA_112.pdf
2025-05-26 16:31:33,689 - DEBUG - Evaluando aptitud: Nivel Formación=maestría, Exp Judicial Conteo=15, Riesgo Conteo=0
2025-05-26 16:31:33,690 - DEBUG - Resultado Aptitud: Observado
2025-05-26 16:31:33,690 - INFO - Procesando candidato 7/15: BATIZ GARCIA GILBERTO DE GUZMAN
2025-05-26 16:31:33,691 - INFO - PDF ya existe: C:\Users\Wilmore\Downloads\evaluador_ine\output\pdfs\BATIZ_GARCIA_GILBERTO_DE_GUZMAN_308.pdf
2025-05-26 16:31:34,867 - DEBUG - Evaluando aptitud: Nivel Formación=doctorado, Exp Judicial Conteo=24, Riesgo Conteo=1
2025-05-26 16:31:34,868 - DEBUG - Resultado Aptitud: No Apto
2025-05-26 16:31:34,868 - INFO - Procesando candidato 8/15: ESPINDOLA MORALES LUIS
2025-05-26 16:31:34,869 - INFO - PDF ya existe: C:\Users\Wilmore\Downloads\evaluador_ine\output\pdfs\ESPINDOLA_MORALES_LUIS_115.pdf
2025-05-26 16:31:35,821 - DEBUG - Evaluando aptitud: Nivel Formación=maestría, Exp Judicial Conteo=15, Riesgo Conteo=0
2025-05-26 16:31:35,822 - DEBUG - Resultado Aptitud: Observado
2025-05-26 16:31:35,823 - INFO - Procesando candidato 9/15: FIGUEROA AVILA ENRIQUE
2025-05-26 16:31:35,824 - INFO - PDF ya existe: C:\Users\Wilmore\Downloads\evaluador_ine\output\pdfs\FIGUEROA_AVILA_ENRIQUE_116.pdf
2025-05-26 16:31:36,849 - DEBUG - Evaluando aptitud: Nivel Formación=doctorado, Exp Judicial Conteo=21, Riesgo Conteo=0
2025-05-26 16:31:36,849 - DEBUG - Resultado Aptitud: Apto
2025-05-26 16:31:36,850 - INFO - Procesando candidato 10/15: HERNANDEZ CRUZ ARMANDO
2025-05-26 16:31:36,851 - INFO - PDF ya existe: C:\Users\Wilmore\Downloads\evaluador_ine\output\pdfs\HERNANDEZ_CRUZ_ARMANDO_117.pdf
2025-05-26 16:31:37,817 - DEBUG - Evaluando aptitud: Nivel Formación=doctorado, Exp Judicial Conteo=18, Riesgo Conteo=0
2025-05-26 16:31:37,818 - DEBUG - Resultado Aptitud: Apto
2025-05-26 16:31:37,819 - INFO - Procesando candidato 11/15: LARA PATRON RUBEN JESUS
2025-05-26 16:31:37,819 - INFO - PDF ya existe: C:\Users\Wilmore\Downloads\evaluador_ine\output\pdfs\LARA_PATRON_RUBEN_JESUS_118.pdf
2025-05-26 16:31:38,818 - DEBUG - Evaluando aptitud: Nivel Formación=maestría, Exp Judicial Conteo=13, Riesgo Conteo=0
2025-05-26 16:31:38,818 - DEBUG - Resultado Aptitud: Observado
2025-05-26 16:31:38,819 - INFO - Procesando candidato 12/15: QUEZADA GONCEN RODRIGO
2025-05-26 16:31:38,820 - INFO - PDF ya existe: C:\Users\Wilmore\Downloads\evaluador_ine\output\pdfs\QUEZADA_GONCEN_RODRIGO_310.pdf
2025-05-26 16:31:39,910 - DEBUG - Evaluando aptitud: Nivel Formación=licenciatura, Exp Judicial Conteo=16, Riesgo Conteo=0
2025-05-26 16:31:39,911 - DEBUG - Resultado Aptitud: No Apto
2025-05-26 16:31:39,912 - INFO - Procesando candidato 13/15: SANCHEZ MORALES JORGE
2025-05-26 16:31:39,913 - INFO - PDF ya existe: C:\Users\Wilmore\Downloads\evaluador_ine\output\pdfs\SANCHEZ_MORALES_JORGE_120.pdf
2025-05-26 16:31:40,898 - DEBUG - Evaluando aptitud: Nivel Formación=especialidad, Exp Judicial Conteo=15, Riesgo Conteo=0
2025-05-26 16:31:40,898 - DEBUG - Resultado Aptitud: No Apto
2025-05-26 16:31:40,899 - INFO - Procesando candidato 14/15: SANCHEZ CORDERO GROSSMANN JORGE EMILIO
2025-05-26 16:31:40,900 - INFO - PDF ya existe: C:\Users\Wilmore\Downloads\evaluador_ine\output\pdfs\SANCHEZ_CORDERO_GROSSMANN_JORGE_EMILIO_311.pdf
2025-05-26 16:31:42,324 - DEBUG - Evaluando aptitud: Nivel Formación=maestría, Exp Judicial Conteo=15, Riesgo Conteo=0
2025-05-26 16:31:42,325 - DEBUG - Resultado Aptitud: Observado
2025-05-26 16:31:42,325 - INFO - Procesando candidato 15/15: WONG MERAZ CESAR LORENZO
2025-05-26 16:31:42,326 - INFO - PDF ya existe: C:\Users\Wilmore\Downloads\evaluador_ine\output\pdfs\WONG_MERAZ_CESAR_LORENZO_122.pdf
2025-05-26 16:31:43,289 - DEBUG - Evaluando aptitud: Nivel Formación=maestría, Exp Judicial Conteo=19, Riesgo Conteo=0
2025-05-26 16:31:43,290 - DEBUG - Resultado Aptitud: Observado
2025-05-26 16:31:43,335 - INFO - Resultados guardados en hoja 'SALA_SUPERIOR' de C:\Users\Wilmore\Downloads\evaluador_ine\output\resultados\resultados_sala_superior.xlsx
2025-05-26 16:31:43,335 - INFO - Procesando sección: SALA_REGIONAL
2025-05-26 16:31:43,336 - INFO - Usando archivo: C:\Users\Wilmore\Downloads\evaluador_ine\data\raw\Candidatos_MSRTEPJF_26-05-2025.xlsx
2025-05-26 16:31:43,347 - INFO - Total de candidatos a procesar: 20
2025-05-26 16:31:43,347 - INFO - Procesando candidato 1/20: AVALOS VAZQUEZ NEREIDA BERENICE
2025-05-26 16:31:43,348 - INFO - PDF ya existe: C:\Users\Wilmore\Downloads\evaluador_ine\output\pdfs\AVALOS_VAZQUEZ_NEREIDA_BERENICE_14753.pdf
2025-05-26 16:31:44,301 - DEBUG - Evaluando aptitud: Nivel Formación=maestría, Exp Judicial Conteo=30, Riesgo Conteo=0
2025-05-26 16:31:44,302 - DEBUG - Resultado Aptitud: Observado
2025-05-26 16:31:44,302 - INFO - Procesando candidato 2/20: BAHENA VILLALOBOS ALMA ROSA
2025-05-26 16:31:44,303 - INFO - PDF ya existe: C:\Users\Wilmore\Downloads\evaluador_ine\output\pdfs\BAHENA_VILLALOBOS_ALMA_ROSA_14779.pdf
2025-05-26 16:31:45,452 - DEBUG - Evaluando aptitud: Nivel Formación=doctorado, Exp Judicial Conteo=18, Riesgo Conteo=0
2025-05-26 16:31:45,452 - DEBUG - Resultado Aptitud: Apto
2025-05-26 16:31:45,453 - INFO - Procesando candidato 3/20: DURAN CEJA LAURA DANIELLA
2025-05-26 16:31:45,454 - INFO - PDF ya existe: C:\Users\Wilmore\Downloads\evaluador_ine\output\pdfs\DURAN_CEJA_LAURA_DANIELLA_15585.pdf
2025-05-26 16:31:46,403 - DEBUG - Evaluando aptitud: Nivel Formación=doctorado, Exp Judicial Conteo=16, Riesgo Conteo=0
2025-05-26 16:31:46,403 - DEBUG - Resultado Aptitud: Apto
2025-05-26 16:31:46,404 - INFO - Procesando candidato 4/20: ESTRADA VEGA CELESTINA
2025-05-26 16:31:46,405 - INFO - PDF ya existe: C:\Users\Wilmore\Downloads\evaluador_ine\output\pdfs\ESTRADA_VEGA_CELESTINA_15622.pdf
2025-05-26 16:31:47,403 - DEBUG - Evaluando aptitud: Nivel Formación=maestría, Exp Judicial Conteo=29, Riesgo Conteo=0
2025-05-26 16:31:47,404 - DEBUG - Resultado Aptitud: Observado
2025-05-26 16:31:47,404 - INFO - Procesando candidato 5/20: FERNANDEZ DOMINGUEZ MARCELA ELENA
2025-05-26 16:31:47,405 - INFO - PDF ya existe: C:\Users\Wilmore\Downloads\evaluador_ine\output\pdfs\FERNANDEZ_DOMINGUEZ_MARCELA_ELENA_15787.pdf
2025-05-26 16:31:48,384 - DEBUG - Evaluando aptitud: Nivel Formación=maestría, Exp Judicial Conteo=18, Riesgo Conteo=0
2025-05-26 16:31:48,384 - DEBUG - Resultado Aptitud: Observado
2025-05-26 16:31:48,385 - INFO - Procesando candidato 6/20: GONZALEZ JORDAN MARIA GUADALUPE
2025-05-26 16:31:48,386 - INFO - PDF ya existe: C:\Users\Wilmore\Downloads\evaluador_ine\output\pdfs\GONZALEZ_JORDAN_MARIA_GUADALUPE_16074.pdf
2025-05-26 16:31:49,381 - DEBUG - Evaluando aptitud: Nivel Formación=especialidad, Exp Judicial Conteo=21, Riesgo Conteo=0
2025-05-26 16:31:49,381 - DEBUG - Resultado Aptitud: No Apto
2025-05-26 16:31:49,382 - INFO - Procesando candidato 7/20: GONZALEZ JORDAN PATRICIA
2025-05-26 16:31:49,383 - INFO - PDF ya existe: C:\Users\Wilmore\Downloads\evaluador_ine\output\pdfs\GONZALEZ_JORDAN_PATRICIA_16075.pdf
2025-05-26 16:31:50,355 - DEBUG - Evaluando aptitud: Nivel Formación=especialidad, Exp Judicial Conteo=32, Riesgo Conteo=0
2025-05-26 16:31:50,356 - DEBUG - Resultado Aptitud: No Apto
2025-05-26 16:31:50,356 - INFO - Procesando candidato 8/20: LOPEZ HERNANDEZ MAYRA ELIZABETH
2025-05-26 16:31:50,357 - INFO - PDF ya existe: C:\Users\Wilmore\Downloads\evaluador_ine\output\pdfs\LOPEZ_HERNANDEZ_MAYRA_ELIZABETH_16568.pdf
2025-05-26 16:31:51,322 - DEBUG - Evaluando aptitud: Nivel Formación=maestría, Exp Judicial Conteo=20, Riesgo Conteo=0
2025-05-26 16:31:51,323 - DEBUG - Resultado Aptitud: Observado
2025-05-26 16:31:51,323 - INFO - Procesando candidato 9/20: MARTINEZ RAMIREZ DENNY
2025-05-26 16:31:51,324 - INFO - PDF ya existe: C:\Users\Wilmore\Downloads\evaluador_ine\output\pdfs\MARTINEZ_RAMIREZ_DENNY_16733.pdf
2025-05-26 16:31:52,408 - DEBUG - Evaluando aptitud: Nivel Formación=maestría, Exp Judicial Conteo=22, Riesgo Conteo=0
2025-05-26 16:31:52,409 - DEBUG - Resultado Aptitud: Observado
2025-05-26 16:31:52,409 - INFO - Procesando candidato 10/20: PEDRAZA TELLEZ ADRIANA
2025-05-26 16:31:52,410 - INFO - PDF ya existe: C:\Users\Wilmore\Downloads\evaluador_ine\output\pdfs\PEDRAZA_TELLEZ_ADRIANA_17639.pdf
2025-05-26 16:31:53,320 - DEBUG - Evaluando aptitud: Nivel Formación=licenciatura, Exp Judicial Conteo=13, Riesgo Conteo=0
2025-05-26 16:31:53,320 - DEBUG - Resultado Aptitud: No Apto
2025-05-26 16:31:53,321 - INFO - Procesando candidato 11/20: VICTORIA TAVIRA LETICIA
2025-05-26 16:31:53,322 - INFO - PDF ya existe: C:\Users\Wilmore\Downloads\evaluador_ine\output\pdfs\VICTORIA_TAVIRA_LETICIA_18561.pdf
2025-05-26 16:31:54,415 - DEBUG - Evaluando aptitud: Nivel Formación=doctorado, Exp Judicial Conteo=16, Riesgo Conteo=0
2025-05-26 16:31:54,415 - DEBUG - Resultado Aptitud: Apto
2025-05-26 16:31:54,416 - INFO - Procesando candidato 12/20: AVANTE JUAREZ ALEJANDRO DAVID
2025-05-26 16:31:54,416 - INFO - PDF ya existe: C:\Users\Wilmore\Downloads\evaluador_ine\output\pdfs\AVANTE_JUAREZ_ALEJANDRO_DAVID_14754.pdf
2025-05-26 16:31:55,453 - DEBUG - Evaluando aptitud: Nivel Formación=doctorado, Exp Judicial Conteo=14, Riesgo Conteo=0
2025-05-26 16:31:55,454 - DEBUG - Resultado Aptitud: Apto
2025-05-26 16:31:55,454 - INFO - Procesando candidato 13/20: CHAVEZ AGUILAR URIEL IVAN
2025-05-26 16:31:55,455 - INFO - PDF ya existe: C:\Users\Wilmore\Downloads\evaluador_ine\output\pdfs\CHAVEZ_AGUILAR_URIEL_IVAN_15208.pdf
2025-05-26 16:31:56,426 - DEBUG - Evaluando aptitud: Nivel Formación=maestría, Exp Judicial Conteo=17, Riesgo Conteo=1
2025-05-26 16:31:56,427 - DEBUG - Resultado Aptitud: No Apto
2025-05-26 16:31:56,427 - INFO - Procesando candidato 14/20: HERNANDEZ ESQUIVEL OMAR
2025-05-26 16:31:56,428 - INFO - PDF ya existe: C:\Users\Wilmore\Downloads\evaluador_ine\output\pdfs\HERNANDEZ_ESQUIVEL_OMAR_16513.pdf
2025-05-26 16:31:57,394 - DEBUG - Evaluando aptitud: Nivel Formación=maestría, Exp Judicial Conteo=21, Riesgo Conteo=0
2025-05-26 16:31:57,395 - DEBUG - Resultado Aptitud: Observado
2025-05-26 16:31:57,395 - INFO - Procesando candidato 15/20: JIMENEZ JURADO FRANCISCO JAVIER
2025-05-26 16:31:57,396 - INFO - PDF ya existe: C:\Users\Wilmore\Downloads\evaluador_ine\output\pdfs\JIMENEZ_JURADO_FRANCISCO_JAVIER_16483.pdf
2025-05-26 16:31:58,372 - DEBUG - Evaluando aptitud: Nivel Formación=doctorado, Exp Judicial Conteo=17, Riesgo Conteo=0
2025-05-26 16:31:58,373 - DEBUG - Resultado Aptitud: Apto
2025-05-26 16:31:58,373 - INFO - Procesando candidato 16/20: LOZANO BAUTISTA AMADO ANDRES
2025-05-26 16:31:58,374 - INFO - PDF ya existe: C:\Users\Wilmore\Downloads\evaluador_ine\output\pdfs\LOZANO_BAUTISTA_AMADO_ANDRES_16765.pdf
2025-05-26 16:31:59,316 - DEBUG - Evaluando aptitud: Nivel Formación=licenciatura, Exp Judicial Conteo=12, Riesgo Conteo=0
2025-05-26 16:31:59,316 - DEBUG - Resultado Aptitud: No Apto
2025-05-26 16:31:59,317 - INFO - Procesando candidato 17/20: RAMIREZ BARRIOS FERNANDO
2025-05-26 16:31:59,317 - INFO - PDF ya existe: C:\Users\Wilmore\Downloads\evaluador_ine\output\pdfs\RAMIREZ_BARRIOS_FERNANDO_17392.pdf
2025-05-26 16:32:00,317 - DEBUG - Evaluando aptitud: Nivel Formación=especialidad, Exp Judicial Conteo=13, Riesgo Conteo=0
2025-05-26 16:32:00,318 - DEBUG - Resultado Aptitud: No Apto
2025-05-26 16:32:00,318 - INFO - Procesando candidato 18/20: TERRAZAS SALGADO RODOLFO
2025-05-26 16:32:00,319 - INFO - PDF ya existe: C:\Users\Wilmore\Downloads\evaluador_ine\output\pdfs\TERRAZAS_SALGADO_RODOLFO_18399.pdf
2025-05-26 16:32:01,253 - DEBUG - Evaluando aptitud: Nivel Formación=especialidad, Exp Judicial Conteo=10, Riesgo Conteo=0
2025-05-26 16:32:01,254 - DEBUG - Resultado Aptitud: No Apto
2025-05-26 16:32:01,255 - INFO - Procesando candidato 19/20: TREJO SANCHEZ ISAIAS
2025-05-26 16:32:01,255 - INFO - PDF ya existe: C:\Users\Wilmore\Downloads\evaluador_ine\output\pdfs\TREJO_SANCHEZ_ISAIAS_18458.pdf
2025-05-26 16:32:02,198 - DEBUG - Evaluando aptitud: Nivel Formación=especialidad, Exp Judicial Conteo=18, Riesgo Conteo=0
2025-05-26 16:32:02,198 - DEBUG - Resultado Aptitud: No Apto
2025-05-26 16:32:02,199 - INFO - Procesando candidato 20/20: TRINIDAD JIMENEZ FABIAN
2025-05-26 16:32:02,200 - INFO - PDF ya existe: C:\Users\Wilmore\Downloads\evaluador_ine\output\pdfs\TRINIDAD_JIMENEZ_FABIAN_18466.pdf
2025-05-26 16:32:03,057 - DEBUG - Evaluando aptitud: Nivel Formación=maestría, Exp Judicial Conteo=14, Riesgo Conteo=0
2025-05-26 16:32:03,058 - DEBUG - Resultado Aptitud: Observado
2025-05-26 16:32:03,109 - INFO - Resultados guardados en hoja 'SALA_REGIONAL' de C:\Users\Wilmore\Downloads\evaluador_ine\output\resultados\resultados_sala_regional.xlsx
2025-05-26 16:32:03,110 - INFO - Procesando sección: CIRCUITO
2025-05-26 16:32:03,111 - INFO - Usando archivo: C:\Users\Wilmore\Downloads\evaluador_ine\data\raw\Candidatos_MC_26-05-2025.xlsx
2025-05-26 16:32:03,124 - INFO - Total de candidatos a procesar: 37
2025-05-26 16:32:03,125 - INFO - Procesando candidato 1/37: AMBROSIO MONDRAGON MONSERRAT ERANDI
2025-05-26 16:32:03,125 - INFO - PDF ya existe: C:\Users\Wilmore\Downloads\evaluador_ine\output\pdfs\AMBROSIO_MONDRAGON_MONSERRAT_ERANDI_52161.pdf
2025-05-26 16:32:04,076 - DEBUG - Evaluando aptitud: Nivel Formación=maestría, Exp Judicial Conteo=9, Riesgo Conteo=0
2025-05-26 16:32:04,077 - DEBUG - Resultado Aptitud: Observado
2025-05-26 16:32:04,077 - INFO - Procesando candidato 2/37: APARICIO CORIA VERONICA
2025-05-26 16:32:04,078 - INFO - PDF ya existe: C:\Users\Wilmore\Downloads\evaluador_ine\output\pdfs\APARICIO_CORIA_VERONICA_52348.pdf
2025-05-26 16:32:05,111 - DEBUG - Evaluando aptitud: Nivel Formación=maestría, Exp Judicial Conteo=12, Riesgo Conteo=0
2025-05-26 16:32:05,111 - DEBUG - Resultado Aptitud: Observado
2025-05-26 16:32:05,112 - INFO - Procesando candidato 3/37: BEDOLLA GARCIA VERONICA
2025-05-26 16:32:05,113 - INFO - PDF ya existe: C:\Users\Wilmore\Downloads\evaluador_ine\output\pdfs\BEDOLLA_GARCIA_VERONICA_52599.pdf
2025-05-26 16:32:06,605 - DEBUG - Evaluando aptitud: Nivel Formación=especialidad, Exp Judicial Conteo=17, Riesgo Conteo=0
2025-05-26 16:32:06,606 - DEBUG - Resultado Aptitud: No Apto
2025-05-26 16:32:06,606 - INFO - Procesando candidato 4/37: BENITEZ ISLAS KARLA ARIANA
2025-05-26 16:32:06,607 - INFO - PDF ya existe: C:\Users\Wilmore\Downloads\evaluador_ine\output\pdfs\BENITEZ_ISLAS_KARLA_ARIANA_52261.pdf
2025-05-26 16:32:07,666 - DEBUG - Evaluando aptitud: Nivel Formación=maestría, Exp Judicial Conteo=16, Riesgo Conteo=0
2025-05-26 16:32:07,667 - DEBUG - Resultado Aptitud: Observado
2025-05-26 16:32:07,668 - INFO - Procesando candidato 5/37: CAMACHO LOZANO MA. PIEDAD
2025-05-26 16:32:07,668 - INFO - PDF ya existe: C:\Users\Wilmore\Downloads\evaluador_ine\output\pdfs\CAMACHO_LOZANO_MA._PIEDAD_52520.pdf
2025-05-26 16:32:08,789 - DEBUG - Evaluando aptitud: Nivel Formación=especialidad, Exp Judicial Conteo=16, Riesgo Conteo=0
2025-05-26 16:32:08,790 - DEBUG - Resultado Aptitud: No Apto
2025-05-26 16:32:08,790 - INFO - Procesando candidato 6/37: COLIN OJEDA DULCE MARIA
2025-05-26 16:32:08,791 - INFO - PDF ya existe: C:\Users\Wilmore\Downloads\evaluador_ine\output\pdfs\COLIN_OJEDA_DULCE_MARIA_52959.pdf
2025-05-26 16:32:10,489 - DEBUG - Evaluando aptitud: Nivel Formación=licenciatura, Exp Judicial Conteo=13, Riesgo Conteo=0
2025-05-26 16:32:10,489 - DEBUG - Resultado Aptitud: No Apto
2025-05-26 16:32:10,490 - INFO - Procesando candidato 7/37: FERNANDEZ BARRIOS KARLA FERNANDA
2025-05-26 16:32:10,491 - INFO - PDF ya existe: C:\Users\Wilmore\Downloads\evaluador_ine\output\pdfs\FERNANDEZ_BARRIOS_KARLA_FERNANDA_53052.pdf
2025-05-26 16:32:11,802 - DEBUG - Evaluando aptitud: Nivel Formación=especialidad, Exp Judicial Conteo=12, Riesgo Conteo=1
2025-05-26 16:32:11,803 - DEBUG - Resultado Aptitud: No Apto
2025-05-26 16:32:11,804 - INFO - Procesando candidato 8/37: FIGUEROA CERVANTES TANIA VANESSA
2025-05-26 16:32:11,804 - INFO - PDF ya existe: C:\Users\Wilmore\Downloads\evaluador_ine\output\pdfs\FIGUEROA_CERVANTES_TANIA_VANESSA_53067.pdf
2025-05-26 16:32:12,869 - DEBUG - Evaluando aptitud: Nivel Formación=doctorado, Exp Judicial Conteo=12, Riesgo Conteo=0
2025-05-26 16:32:12,869 - DEBUG - Resultado Aptitud: Apto
2025-05-26 16:32:12,870 - INFO - Procesando candidato 9/37: GALLEGOS MONTOYA CELIA
2025-05-26 16:32:12,871 - INFO - PDF ya existe: C:\Users\Wilmore\Downloads\evaluador_ine\output\pdfs\GALLEGOS_MONTOYA_CELIA_53293.pdf
2025-05-26 16:32:13,831 - DEBUG - Evaluando aptitud: Nivel Formación=maestría, Exp Judicial Conteo=18, Riesgo Conteo=0
2025-05-26 16:32:13,832 - DEBUG - Resultado Aptitud: Observado
2025-05-26 16:32:13,832 - INFO - Procesando candidato 10/37: GARCIA CHAVEZ LUZ ELENA
2025-05-26 16:32:13,833 - INFO - PDF ya existe: C:\Users\Wilmore\Downloads\evaluador_ine\output\pdfs\GARCIA_CHAVEZ_LUZ_ELENA_53666.pdf
2025-05-26 16:32:14,846 - DEBUG - Evaluando aptitud: Nivel Formación=maestría, Exp Judicial Conteo=16, Riesgo Conteo=0
2025-05-26 16:32:14,846 - DEBUG - Resultado Aptitud: Observado
2025-05-26 16:32:14,847 - INFO - Procesando candidato 11/37: INIESTRA ALVAREZ MARIA CRISTINA
2025-05-26 16:32:14,848 - INFO - PDF ya existe: C:\Users\Wilmore\Downloads\evaluador_ine\output\pdfs\INIESTRA_ALVAREZ_MARIA_CRISTINA_54220.pdf
2025-05-26 16:32:15,781 - DEBUG - Evaluando aptitud: Nivel Formación=especialidad, Exp Judicial Conteo=10, Riesgo Conteo=0
2025-05-26 16:32:15,782 - DEBUG - Resultado Aptitud: No Apto
2025-05-26 16:32:15,782 - INFO - Procesando candidato 12/37: MORALES NUÑEZ ANABEL
2025-05-26 16:32:15,783 - INFO - PDF ya existe: C:\Users\Wilmore\Downloads\evaluador_ine\output\pdfs\MORALES_NUÑEZ_ANABEL_53671.pdf
2025-05-26 16:32:16,699 - DEBUG - Evaluando aptitud: Nivel Formación=especialidad, Exp Judicial Conteo=9, Riesgo Conteo=0
2025-05-26 16:32:16,700 - DEBUG - Resultado Aptitud: No Apto
2025-05-26 16:32:16,701 - INFO - Procesando candidato 13/37: PINEDA SALAZAR ARACELI
2025-05-26 16:32:16,701 - INFO - PDF ya existe: C:\Users\Wilmore\Downloads\evaluador_ine\output\pdfs\PINEDA_SALAZAR_ARACELI_54052.pdf
2025-05-26 16:32:17,665 - DEBUG - Evaluando aptitud: Nivel Formación=doctorado, Exp Judicial Conteo=13, Riesgo Conteo=0
2025-05-26 16:32:17,665 - DEBUG - Resultado Aptitud: Apto
2025-05-26 16:32:17,666 - INFO - Procesando candidato 14/37: ROJAS MONTERO YUNUEN
2025-05-26 16:32:17,667 - INFO - PDF ya existe: C:\Users\Wilmore\Downloads\evaluador_ine\output\pdfs\ROJAS_MONTERO_YUNUEN_54717.pdf
2025-05-26 16:32:18,657 - DEBUG - Evaluando aptitud: Nivel Formación=maestría, Exp Judicial Conteo=12, Riesgo Conteo=0
2025-05-26 16:32:18,657 - DEBUG - Resultado Aptitud: Observado
2025-05-26 16:32:18,658 - INFO - Procesando candidato 15/37: SAMANO SAUCEDO DASHA HILLARY
2025-05-26 16:32:18,659 - INFO - PDF ya existe: C:\Users\Wilmore\Downloads\evaluador_ine\output\pdfs\SAMANO_SAUCEDO_DASHA_HILLARY_55349.pdf
2025-05-26 16:32:19,661 - DEBUG - Evaluando aptitud: Nivel Formación=maestría, Exp Judicial Conteo=24, Riesgo Conteo=0
2025-05-26 16:32:19,661 - DEBUG - Resultado Aptitud: Observado
2025-05-26 16:32:19,662 - INFO - Procesando candidato 16/37: SUAREZ MORALES MARIA ALEJANDRA
2025-05-26 16:32:19,663 - INFO - PDF ya existe: C:\Users\Wilmore\Downloads\evaluador_ine\output\pdfs\SUAREZ_MORALES_MARIA_ALEJANDRA_55248.pdf
2025-05-26 16:32:20,631 - DEBUG - Evaluando aptitud: Nivel Formación=maestría, Exp Judicial Conteo=8, Riesgo Conteo=0
2025-05-26 16:32:20,632 - DEBUG - Resultado Aptitud: Observado
2025-05-26 16:32:20,632 - INFO - Procesando candidato 17/37: URIBE FUENTES KARINA
2025-05-26 16:32:20,633 - INFO - PDF ya existe: C:\Users\Wilmore\Downloads\evaluador_ine\output\pdfs\URIBE_FUENTES_KARINA_54759.pdf
2025-05-26 16:32:21,584 - DEBUG - Evaluando aptitud: Nivel Formación=maestría, Exp Judicial Conteo=13, Riesgo Conteo=0
2025-05-26 16:32:21,585 - DEBUG - Resultado Aptitud: Observado
2025-05-26 16:32:21,586 - INFO - Procesando candidato 18/37: VARGAS SOLORZANO ELIZABETH
2025-05-26 16:32:21,586 - INFO - PDF ya existe: C:\Users\Wilmore\Downloads\evaluador_ine\output\pdfs\VARGAS_SOLORZANO_ELIZABETH_55028.pdf
2025-05-26 16:32:22,599 - DEBUG - Evaluando aptitud: Nivel Formación=maestría, Exp Judicial Conteo=18, Riesgo Conteo=0
2025-05-26 16:32:22,600 - DEBUG - Resultado Aptitud: Observado
2025-05-26 16:32:22,600 - INFO - Procesando candidato 19/37: ARREOLA AMANTE LUIS FERNANDO
2025-05-26 16:32:22,601 - INFO - PDF ya existe: C:\Users\Wilmore\Downloads\evaluador_ine\output\pdfs\ARREOLA_AMANTE_LUIS_FERNANDO_52630.pdf
2025-05-26 16:32:23,518 - DEBUG - Evaluando aptitud: Nivel Formación=maestría, Exp Judicial Conteo=12, Riesgo Conteo=0
2025-05-26 16:32:23,519 - DEBUG - Resultado Aptitud: Observado
2025-05-26 16:32:23,519 - INFO - Procesando candidato 20/37: BENITEZ OLMOS OMAR AUSEIGESD
2025-05-26 16:32:23,520 - INFO - PDF ya existe: C:\Users\Wilmore\Downloads\evaluador_ine\output\pdfs\BENITEZ_OLMOS_OMAR_AUSEIGESD_52262.pdf
2025-05-26 16:32:24,484 - DEBUG - Evaluando aptitud: Nivel Formación=maestría, Exp Judicial Conteo=14, Riesgo Conteo=0
2025-05-26 16:32:24,484 - DEBUG - Resultado Aptitud: Observado
2025-05-26 16:32:24,485 - INFO - Procesando candidato 21/37: GARCIA GOMEZ ADRIAN MANUEL
2025-05-26 16:32:24,486 - INFO - PDF ya existe: C:\Users\Wilmore\Downloads\evaluador_ine\output\pdfs\GARCIA_GOMEZ_ADRIAN_MANUEL_53404.pdf
2025-05-26 16:32:25,486 - DEBUG - Evaluando aptitud: Nivel Formación=maestría, Exp Judicial Conteo=16, Riesgo Conteo=0
2025-05-26 16:32:25,486 - DEBUG - Resultado Aptitud: Observado
2025-05-26 16:32:25,487 - INFO - Procesando candidato 22/37: GARCIA MORELOS GUMESINDO
2025-05-26 16:32:25,487 - INFO - PDF ya existe: C:\Users\Wilmore\Downloads\evaluador_ine\output\pdfs\GARCIA_MORELOS_GUMESINDO_53221.pdf
2025-05-26 16:32:26,486 - DEBUG - Evaluando aptitud: Nivel Formación=doctorado, Exp Judicial Conteo=17, Riesgo Conteo=0
2025-05-26 16:32:26,487 - DEBUG - Resultado Aptitud: Apto
2025-05-26 16:32:26,487 - INFO - Procesando candidato 23/37: HINOSTROSA ROJAS CARLOS
2025-05-26 16:32:26,488 - INFO - PDF ya existe: C:\Users\Wilmore\Downloads\evaluador_ine\output\pdfs\HINOSTROSA_ROJAS_CARLOS_54214.pdf
2025-05-26 16:32:27,368 - DEBUG - Evaluando aptitud: Nivel Formación=doctorado, Exp Judicial Conteo=13, Riesgo Conteo=1
2025-05-26 16:32:27,369 - DEBUG - Resultado Aptitud: No Apto
2025-05-26 16:32:27,370 - INFO - Procesando candidato 24/37: LOYA VALDOVINOS BERNARDO
2025-05-26 16:32:27,370 - INFO - PDF ya existe: C:\Users\Wilmore\Downloads\evaluador_ine\output\pdfs\LOYA_VALDOVINOS_BERNARDO_53921.pdf
2025-05-26 16:32:28,580 - DEBUG - Evaluando aptitud: Nivel Formación=doctorado, Exp Judicial Conteo=13, Riesgo Conteo=0
2025-05-26 16:32:28,581 - DEBUG - Resultado Aptitud: Apto
2025-05-26 16:32:28,582 - INFO - Procesando candidato 25/37: MECINO MORALES SERGIO
2025-05-26 16:32:28,582 - INFO - PDF ya existe: C:\Users\Wilmore\Downloads\evaluador_ine\output\pdfs\MECINO_MORALES_SERGIO_54184.pdf
2025-05-26 16:32:29,527 - DEBUG - Evaluando aptitud: Nivel Formación=maestría, Exp Judicial Conteo=13, Riesgo Conteo=0
2025-05-26 16:32:29,528 - DEBUG - Resultado Aptitud: Observado
2025-05-26 16:32:29,528 - INFO - Procesando candidato 26/37: MORENO VILLICAÑA JOSE FRANCISCO
2025-05-26 16:32:29,529 - INFO - PDF ya existe: C:\Users\Wilmore\Downloads\evaluador_ine\output\pdfs\MORENO_VILLICAÑA_JOSE_FRANCISCO_54337.pdf
2025-05-26 16:32:30,447 - DEBUG - Evaluando aptitud: Nivel Formación=licenciatura, Exp Judicial Conteo=9, Riesgo Conteo=1
2025-05-26 16:32:30,447 - DEBUG - Resultado Aptitud: No Apto
2025-05-26 16:32:30,448 - INFO - Procesando candidato 27/37: MUÑOZ ALVARADO FROYLAN
2025-05-26 16:32:30,448 - INFO - PDF ya existe: C:\Users\Wilmore\Downloads\evaluador_ine\output\pdfs\MUÑOZ_ALVARADO_FROYLAN_54084.pdf
2025-05-26 16:32:31,393 - DEBUG - Evaluando aptitud: Nivel Formación=doctorado, Exp Judicial Conteo=17, Riesgo Conteo=0
2025-05-26 16:32:31,393 - DEBUG - Resultado Aptitud: Apto
2025-05-26 16:32:31,394 - INFO - Procesando candidato 28/37: OROZCO ALFARO DANIEL
2025-05-26 16:32:31,395 - INFO - PDF ya existe: C:\Users\Wilmore\Downloads\evaluador_ine\output\pdfs\OROZCO_ALFARO_DANIEL_54838.pdf
2025-05-26 16:32:32,300 - DEBUG - Evaluando aptitud: Nivel Formación=maestría, Exp Judicial Conteo=13, Riesgo Conteo=0
2025-05-26 16:32:32,301 - DEBUG - Resultado Aptitud: Observado
2025-05-26 16:32:32,301 - INFO - Procesando candidato 29/37: OROZCO TORRES MARIO DANIEL
2025-05-26 16:32:32,302 - INFO - PDF ya existe: C:\Users\Wilmore\Downloads\evaluador_ine\output\pdfs\OROZCO_TORRES_MARIO_DANIEL_54836.pdf
2025-05-26 16:32:33,269 - DEBUG - Evaluando aptitud: Nivel Formación=especialidad, Exp Judicial Conteo=23, Riesgo Conteo=0
2025-05-26 16:32:33,269 - DEBUG - Resultado Aptitud: No Apto
2025-05-26 16:32:33,270 - INFO - Procesando candidato 30/37: PEREZ CONTRERAS SALVADOR ALEJANDRO
2025-05-26 16:32:33,271 - INFO - PDF ya existe: C:\Users\Wilmore\Downloads\evaluador_ine\output\pdfs\PEREZ_CONTRERAS_SALVADOR_ALEJANDRO_54043.pdf
2025-05-26 16:32:34,293 - DEBUG - Evaluando aptitud: Nivel Formación=especialidad, Exp Judicial Conteo=17, Riesgo Conteo=0
2025-05-26 16:32:34,293 - DEBUG - Resultado Aptitud: No Apto
2025-05-26 16:32:34,294 - INFO - Procesando candidato 31/37: RAMOS CERVANTES J. GUADALUPE
2025-05-26 16:32:34,295 - INFO - PDF ya existe: C:\Users\Wilmore\Downloads\evaluador_ine\output\pdfs\RAMOS_CERVANTES_J._GUADALUPE_55255.pdf
2025-05-26 16:32:35,216 - DEBUG - Evaluando aptitud: Nivel Formación=maestría, Exp Judicial Conteo=11, Riesgo Conteo=0
2025-05-26 16:32:35,217 - DEBUG - Resultado Aptitud: Observado
2025-05-26 16:32:35,217 - INFO - Procesando candidato 32/37: REYES CABALLERO JORGE
2025-05-26 16:32:35,218 - INFO - PDF ya existe: C:\Users\Wilmore\Downloads\evaluador_ine\output\pdfs\REYES_CABALLERO_JORGE_54671.pdf
2025-05-26 16:32:36,152 - DEBUG - Evaluando aptitud: Nivel Formación=maestría, Exp Judicial Conteo=14, Riesgo Conteo=0
2025-05-26 16:32:36,153 - DEBUG - Resultado Aptitud: Observado
2025-05-26 16:32:36,154 - INFO - Procesando candidato 33/37: RIVERA AYALA CHRISTIAN ALDAIR
2025-05-26 16:32:36,155 - INFO - PDF ya existe: C:\Users\Wilmore\Downloads\evaluador_ine\output\pdfs\RIVERA_AYALA_CHRISTIAN_ALDAIR_55578.pdf
2025-05-26 16:32:37,118 - DEBUG - Evaluando aptitud: Nivel Formación=especialidad, Exp Judicial Conteo=12, Riesgo Conteo=0
2025-05-26 16:32:37,119 - DEBUG - Resultado Aptitud: No Apto
2025-05-26 16:32:37,119 - INFO - Procesando candidato 34/37: SANCHEZ CASTELLANOS ANTONIO ALBERTO
2025-05-26 16:32:37,120 - INFO - PDF ya existe: C:\Users\Wilmore\Downloads\evaluador_ine\output\pdfs\SANCHEZ_CASTELLANOS_ANTONIO_ALBERTO_55000.pdf
2025-05-26 16:32:38,084 - DEBUG - Evaluando aptitud: Nivel Formación=maestría, Exp Judicial Conteo=11, Riesgo Conteo=0
2025-05-26 16:32:38,085 - DEBUG - Resultado Aptitud: Observado
2025-05-26 16:32:38,085 - INFO - Procesando candidato 35/37: SANCHEZ DIAZ BARRIGA DANIEL
2025-05-26 16:32:38,086 - INFO - PDF ya existe: C:\Users\Wilmore\Downloads\evaluador_ine\output\pdfs\SANCHEZ_DIAZ_BARRIGA_DANIEL_52899.pdf
2025-05-26 16:32:39,455 - DEBUG - Evaluando aptitud: Nivel Formación=maestría, Exp Judicial Conteo=12, Riesgo Conteo=0
2025-05-26 16:32:39,456 - DEBUG - Resultado Aptitud: Observado
2025-05-26 16:32:39,457 - INFO - Procesando candidato 36/37: SANCHEZ MAGAÑA RAMON
2025-05-26 16:32:39,457 - INFO - PDF ya existe: C:\Users\Wilmore\Downloads\evaluador_ine\output\pdfs\SANCHEZ_MAGAÑA_RAMON_55001.pdf
2025-05-26 16:32:40,545 - DEBUG - Evaluando aptitud: Nivel Formación=maestría, Exp Judicial Conteo=18, Riesgo Conteo=0
2025-05-26 16:32:40,546 - DEBUG - Resultado Aptitud: Observado
2025-05-26 16:32:40,546 - INFO - Procesando candidato 37/37: SEVILLA LIZCANO ADRIAN GILBERTO
2025-05-26 16:32:40,547 - INFO - PDF ya existe: C:\Users\Wilmore\Downloads\evaluador_ine\output\pdfs\SEVILLA_LIZCANO_ADRIAN_GILBERTO_55106.pdf
2025-05-26 16:32:41,640 - DEBUG - Evaluando aptitud: Nivel Formación=maestría, Exp Judicial Conteo=23, Riesgo Conteo=0
2025-05-26 16:32:41,641 - DEBUG - Resultado Aptitud: Observado
2025-05-26 16:32:41,703 - INFO - Resultados guardados en hoja 'CIRCUITO' de C:\Users\Wilmore\Downloads\evaluador_ine\output\resultados\resultados_magistrados_circuito.xlsx
2025-05-26 16:32:41,704 - INFO - Procesando sección: DISTRITO
2025-05-26 16:32:41,705 - INFO - Usando archivo: C:\Users\Wilmore\Downloads\evaluador_ine\data\raw\Candidatos_JD_26-05-2025.xlsx
2025-05-26 16:32:41,720 - INFO - Total de candidatos a procesar: 40
2025-05-26 16:32:41,720 - INFO - Procesando candidato 1/40: AGUIRRE VILLANUEVA MARINA
2025-05-26 16:32:41,721 - INFO - PDF ya existe: C:\Users\Wilmore\Downloads\evaluador_ine\output\pdfs\AGUIRRE_VILLANUEVA_MARINA_52211.pdf
2025-05-26 16:32:42,768 - DEBUG - Evaluando aptitud: Nivel Formación=doctorado, Exp Judicial Conteo=9, Riesgo Conteo=0
2025-05-26 16:32:42,769 - DEBUG - Resultado Aptitud: Apto
2025-05-26 16:32:42,770 - INFO - Procesando candidato 2/40: ALQUICIRA VAZQUEZ YAKSI KINARI
2025-05-26 16:32:42,770 - INFO - PDF ya existe: C:\Users\Wilmore\Downloads\evaluador_ine\output\pdfs\ALQUICIRA_VAZQUEZ_YAKSI_KINARI_52238.pdf
2025-05-26 16:32:44,087 - DEBUG - Evaluando aptitud: Nivel Formación=licenciatura, Exp Judicial Conteo=13, Riesgo Conteo=0
2025-05-26 16:32:44,088 - DEBUG - Resultado Aptitud: No Apto
2025-05-26 16:32:44,088 - INFO - Procesando candidato 3/40: ALVARADO SANTOS ALBINA
2025-05-26 16:32:44,089 - INFO - PDF ya existe: C:\Users\Wilmore\Downloads\evaluador_ine\output\pdfs\ALVARADO_SANTOS_ALBINA_52404.pdf
2025-05-26 16:32:45,108 - DEBUG - Evaluando aptitud: Nivel Formación=maestría, Exp Judicial Conteo=17, Riesgo Conteo=0
2025-05-26 16:32:45,109 - DEBUG - Resultado Aptitud: Observado
2025-05-26 16:32:45,109 - INFO - Procesando candidato 4/40: ARICEAGA GUZMAN CLAUDIA AGUSTINA
2025-05-26 16:32:45,110 - INFO - PDF ya existe: C:\Users\Wilmore\Downloads\evaluador_ine\output\pdfs\ARICEAGA_GUZMAN_CLAUDIA_AGUSTINA_52584.pdf
2025-05-26 16:32:46,227 - DEBUG - Evaluando aptitud: Nivel Formación=licenciatura, Exp Judicial Conteo=13, Riesgo Conteo=0
2025-05-26 16:32:46,228 - DEBUG - Resultado Aptitud: No Apto
2025-05-26 16:32:46,230 - INFO - Procesando candidato 5/40: BECERRA GOMEZ ALICIA
2025-05-26 16:32:46,231 - INFO - PDF ya existe: C:\Users\Wilmore\Downloads\evaluador_ine\output\pdfs\BECERRA_GOMEZ_ALICIA_52437.pdf
2025-05-26 16:32:47,267 - DEBUG - Evaluando aptitud: Nivel Formación=doctorado, Exp Judicial Conteo=17, Riesgo Conteo=0
2025-05-26 16:32:47,267 - DEBUG - Resultado Aptitud: Apto
2025-05-26 16:32:47,268 - INFO - Procesando candidato 6/40: BUENO GALLEGOS ISELA ESTEFANIA
2025-05-26 16:32:47,268 - INFO - PDF ya existe: C:\Users\Wilmore\Downloads\evaluador_ine\output\pdfs\BUENO_GALLEGOS_ISELA_ESTEFANIA_52297.pdf
2025-05-26 16:32:48,279 - DEBUG - Evaluando aptitud: Nivel Formación=maestría, Exp Judicial Conteo=14, Riesgo Conteo=3
2025-05-26 16:32:48,279 - DEBUG - Resultado Aptitud: No Apto
2025-05-26 16:32:48,280 - INFO - Procesando candidato 7/40: CARDENAS VILLASEÑOR CLAUDIA
2025-05-26 16:32:48,281 - INFO - PDF ya existe: C:\Users\Wilmore\Downloads\evaluador_ine\output\pdfs\CARDENAS_VILLASEÑOR_CLAUDIA_52542.pdf
2025-05-26 16:32:49,268 - DEBUG - Evaluando aptitud: Nivel Formación=especialidad, Exp Judicial Conteo=8, Riesgo Conteo=0
2025-05-26 16:32:49,269 - DEBUG - Resultado Aptitud: No Apto
2025-05-26 16:32:49,270 - INFO - Procesando candidato 8/40: GOMEZ IBARRA ANA LUISA
2025-05-26 16:32:49,270 - INFO - PDF ya existe: C:\Users\Wilmore\Downloads\evaluador_ine\output\pdfs\GOMEZ_IBARRA_ANA_LUISA_53079.pdf
2025-05-26 16:32:50,370 - DEBUG - Evaluando aptitud: Nivel Formación=maestría, Exp Judicial Conteo=14, Riesgo Conteo=1
2025-05-26 16:32:50,371 - DEBUG - Resultado Aptitud: No Apto
2025-05-26 16:32:50,371 - INFO - Procesando candidato 9/40: GRANADOS MORENO CYNTHIA ESMERALDA
2025-05-26 16:32:50,372 - INFO - PDF ya existe: C:\Users\Wilmore\Downloads\evaluador_ine\output\pdfs\GRANADOS_MORENO_CYNTHIA_ESMERALDA_53582.pdf
2025-05-26 16:32:51,419 - DEBUG - Evaluando aptitud: Nivel Formación=licenciatura, Exp Judicial Conteo=9, Riesgo Conteo=0
2025-05-26 16:32:51,419 - DEBUG - Resultado Aptitud: No Apto
2025-05-26 16:32:51,420 - INFO - Procesando candidato 10/40: HERNANDEZ XOLIO DEYANIRA
2025-05-26 16:32:51,421 - INFO - PDF ya existe: C:\Users\Wilmore\Downloads\evaluador_ine\output\pdfs\HERNANDEZ_XOLIO_DEYANIRA_53391.pdf
2025-05-26 16:32:52,505 - DEBUG - Evaluando aptitud: Nivel Formación=doctorado, Exp Judicial Conteo=15, Riesgo Conteo=0
2025-05-26 16:32:52,506 - DEBUG - Resultado Aptitud: Apto
2025-05-26 16:32:52,507 - INFO - Procesando candidato 11/40: MALDONADO SANCHEZ ISABEL
2025-05-26 16:32:52,507 - INFO - PDF ya existe: C:\Users\Wilmore\Downloads\evaluador_ine\output\pdfs\MALDONADO_SANCHEZ_ISABEL_54142.pdf
2025-05-26 16:32:53,532 - DEBUG - Evaluando aptitud: Nivel Formación=doctorado, Exp Judicial Conteo=13, Riesgo Conteo=0
2025-05-26 16:32:53,532 - DEBUG - Resultado Aptitud: Apto
2025-05-26 16:32:53,533 - INFO - Procesando candidato 12/40: MONTES MANRIQUE MONICA
2025-05-26 16:32:53,534 - INFO - PDF ya existe: C:\Users\Wilmore\Downloads\evaluador_ine\output\pdfs\MONTES_MANRIQUE_MONICA_53988.pdf
2025-05-26 16:32:54,508 - DEBUG - Evaluando aptitud: Nivel Formación=doctorado, Exp Judicial Conteo=15, Riesgo Conteo=0
2025-05-26 16:32:54,508 - DEBUG - Resultado Aptitud: Apto
2025-05-26 16:32:54,509 - INFO - Procesando candidato 13/40: MORA PEREZ MAYRA ROSARIO
2025-05-26 16:32:54,510 - INFO - PDF ya existe: C:\Users\Wilmore\Downloads\evaluador_ine\output\pdfs\MORA_PEREZ_MAYRA_ROSARIO_54357.pdf
2025-05-26 16:32:55,382 - DEBUG - Evaluando aptitud: Nivel Formación=maestría, Exp Judicial Conteo=11, Riesgo Conteo=0
2025-05-26 16:32:55,383 - DEBUG - Resultado Aptitud: Observado
2025-05-26 16:32:55,383 - INFO - Procesando candidato 14/40: PEÑA BELMONTE MORELIA
2025-05-26 16:32:55,384 - INFO - PDF ya existe: C:\Users\Wilmore\Downloads\evaluador_ine\output\pdfs\PEÑA_BELMONTE_MORELIA_54676.pdf
2025-05-26 16:32:56,374 - DEBUG - Evaluando aptitud: Nivel Formación=doctorado, Exp Judicial Conteo=5, Riesgo Conteo=0
2025-05-26 16:32:56,374 - DEBUG - Resultado Aptitud: Observado
2025-05-26 16:32:56,375 - INFO - Procesando candidato 15/40: RAMIREZ RAMOS ALMA LILIANA
2025-05-26 16:32:56,375 - INFO - PDF ya existe: C:\Users\Wilmore\Downloads\evaluador_ine\output\pdfs\RAMIREZ_RAMOS_ALMA_LILIANA_54425.pdf
2025-05-26 16:32:57,380 - DEBUG - Evaluando aptitud: Nivel Formación=maestría, Exp Judicial Conteo=12, Riesgo Conteo=0
2025-05-26 16:32:57,381 - DEBUG - Resultado Aptitud: Observado
2025-05-26 16:32:57,381 - INFO - Procesando candidato 16/40: SALCEDO MANZO GABRIELA
2025-05-26 16:32:57,382 - INFO - PDF ya existe: C:\Users\Wilmore\Downloads\evaluador_ine\output\pdfs\SALCEDO_MANZO_GABRIELA_55514.pdf
2025-05-26 16:32:58,374 - DEBUG - Evaluando aptitud: Nivel Formación=doctorado, Exp Judicial Conteo=15, Riesgo Conteo=0
2025-05-26 16:32:58,375 - DEBUG - Resultado Aptitud: Apto
2025-05-26 16:32:58,376 - INFO - Procesando candidato 17/40: TOLEDO VILLAGOMEZ DIANA EVELIN
2025-05-26 16:32:58,376 - WARNING - URL inválida para TOLEDO VILLAGOMEZ DIANA EVELIN
2025-05-26 16:32:58,376 - INFO - Procesando candidato 18/40: CALDERON OCHOA DANIEL CLAUDIO
2025-05-26 16:32:58,377 - INFO - PDF ya existe: C:\Users\Wilmore\Downloads\evaluador_ine\output\pdfs\CALDERON_OCHOA_DANIEL_CLAUDIO_52499.pdf
2025-05-26 16:32:59,477 - DEBUG - Evaluando aptitud: Nivel Formación=maestría, Exp Judicial Conteo=14, Riesgo Conteo=0
2025-05-26 16:32:59,477 - DEBUG - Resultado Aptitud: Observado
2025-05-26 16:32:59,478 - INFO - Procesando candidato 19/40: CAMPOS GARCIA PEDRO
2025-05-26 16:32:59,479 - INFO - PDF ya existe: C:\Users\Wilmore\Downloads\evaluador_ine\output\pdfs\CAMPOS_GARCIA_PEDRO_52788.pdf
2025-05-26 16:33:00,520 - DEBUG - Evaluando aptitud: Nivel Formación=maestría, Exp Judicial Conteo=16, Riesgo Conteo=0
2025-05-26 16:33:00,521 - DEBUG - Resultado Aptitud: Observado
2025-05-26 16:33:00,522 - INFO - Procesando candidato 20/40: DIAZ BUCIO ROBERTO
2025-05-26 16:33:00,522 - INFO - PDF ya existe: C:\Users\Wilmore\Downloads\evaluador_ine\output\pdfs\DIAZ_BUCIO_ROBERTO_52853.pdf
2025-05-26 16:33:01,471 - DEBUG - Evaluando aptitud: Nivel Formación=maestría, Exp Judicial Conteo=16, Riesgo Conteo=0
2025-05-26 16:33:01,472 - DEBUG - Resultado Aptitud: Observado
2025-05-26 16:33:01,472 - INFO - Procesando candidato 21/40: DORANTES ROMERO FABRICIO
2025-05-26 16:33:01,473 - INFO - PDF ya existe: C:\Users\Wilmore\Downloads\evaluador_ine\output\pdfs\DORANTES_ROMERO_FABRICIO_53010.pdf
2025-05-26 16:33:02,318 - DEBUG - Evaluando aptitud: Nivel Formación=doctorado, Exp Judicial Conteo=6, Riesgo Conteo=0
2025-05-26 16:33:02,319 - DEBUG - Resultado Aptitud: Observado
2025-05-26 16:33:02,319 - INFO - Procesando candidato 22/40: ELIZALDE HERRERA OMAR ALEJANDRO
2025-05-26 16:33:02,320 - INFO - PDF ya existe: C:\Users\Wilmore\Downloads\evaluador_ine\output\pdfs\ELIZALDE_HERRERA_OMAR_ALEJANDRO_52982.pdf
2025-05-26 16:33:03,344 - DEBUG - Evaluando aptitud: Nivel Formación=maestría, Exp Judicial Conteo=22, Riesgo Conteo=0
2025-05-26 16:33:03,346 - DEBUG - Resultado Aptitud: Observado
2025-05-26 16:33:03,346 - INFO - Procesando candidato 23/40: GALLARDO BALDERAS CARLOS PAULO
2025-05-26 16:33:03,347 - INFO - PDF ya existe: C:\Users\Wilmore\Downloads\evaluador_ine\output\pdfs\GALLARDO_BALDERAS_CARLOS_PAULO_53290.pdf
2025-05-26 16:33:04,315 - DEBUG - Evaluando aptitud: Nivel Formación=maestría, Exp Judicial Conteo=22, Riesgo Conteo=1
2025-05-26 16:33:04,315 - DEBUG - Resultado Aptitud: No Apto
2025-05-26 16:33:04,316 - INFO - Procesando candidato 24/40: GARAMENDI ALVAREZ LUIS ENRIQUE
2025-05-26 16:33:04,317 - INFO - PDF ya existe: C:\Users\Wilmore\Downloads\evaluador_ine\output\pdfs\GARAMENDI_ALVAREZ_LUIS_ENRIQUE_53197.pdf
2025-05-26 16:33:05,359 - DEBUG - Evaluando aptitud: Nivel Formación=maestría, Exp Judicial Conteo=18, Riesgo Conteo=0
2025-05-26 16:33:05,360 - DEBUG - Resultado Aptitud: Observado
2025-05-26 16:33:05,360 - INFO - Procesando candidato 25/40: GARCIA DE LOS SANTOS MARIO ALBERTO
2025-05-26 16:33:05,361 - INFO - PDF ya existe: C:\Users\Wilmore\Downloads\evaluador_ine\output\pdfs\GARCIA_DE_LOS_SANTOS_MARIO_ALBERTO_53240.pdf
2025-05-26 16:33:06,460 - DEBUG - Evaluando aptitud: Nivel Formación=maestría, Exp Judicial Conteo=18, Riesgo Conteo=0
2025-05-26 16:33:06,460 - DEBUG - Resultado Aptitud: Observado
2025-05-26 16:33:06,461 - INFO - Procesando candidato 26/40: GUTIERREZ GUZMAN RAFAEL
2025-05-26 16:33:06,462 - INFO - PDF ya existe: C:\Users\Wilmore\Downloads\evaluador_ine\output\pdfs\GUTIERREZ_GUZMAN_RAFAEL_53374.pdf
2025-05-26 16:33:07,439 - DEBUG - Evaluando aptitud: Nivel Formación=maestría, Exp Judicial Conteo=12, Riesgo Conteo=0
2025-05-26 16:33:07,440 - DEBUG - Resultado Aptitud: Observado
2025-05-26 16:33:07,440 - INFO - Procesando candidato 27/40: HENRIQUEZ RODRIGUEZ MIGUEL ANGEL
2025-05-26 16:33:07,441 - INFO - PDF ya existe: C:\Users\Wilmore\Downloads\evaluador_ine\output\pdfs\HENRIQUEZ_RODRIGUEZ_MIGUEL_ANGEL_53538.pdf
2025-05-26 16:33:08,432 - DEBUG - Evaluando aptitud: Nivel Formación=maestría, Exp Judicial Conteo=15, Riesgo Conteo=0
2025-05-26 16:33:08,432 - DEBUG - Resultado Aptitud: Observado
2025-05-26 16:33:08,433 - INFO - Procesando candidato 28/40: HERRERA FRANCO FRANCISCO
2025-05-26 16:33:08,434 - INFO - PDF ya existe: C:\Users\Wilmore\Downloads\evaluador_ine\output\pdfs\HERRERA_FRANCO_FRANCISCO_53486.pdf
2025-05-26 16:33:09,395 - DEBUG - Evaluando aptitud: Nivel Formación=doctorado, Exp Judicial Conteo=12, Riesgo Conteo=0
2025-05-26 16:33:09,396 - DEBUG - Resultado Aptitud: Apto
2025-05-26 16:33:09,397 - INFO - Procesando candidato 29/40: HIGUERA VELAZQUEZ EULALIO
2025-05-26 16:33:09,398 - INFO - PDF ya existe: C:\Users\Wilmore\Downloads\evaluador_ine\output\pdfs\HIGUERA_VELAZQUEZ_EULALIO_53623.pdf
2025-05-26 16:33:10,598 - DEBUG - Evaluando aptitud: Nivel Formación=doctorado, Exp Judicial Conteo=29, Riesgo Conteo=0
2025-05-26 16:33:10,598 - DEBUG - Resultado Aptitud: Apto
2025-05-26 16:33:10,599 - INFO - Procesando candidato 30/40: LINARES RIVERA RAFAEL
2025-05-26 16:33:10,600 - INFO - PDF ya existe: C:\Users\Wilmore\Downloads\evaluador_ine\output\pdfs\LINARES_RIVERA_RAFAEL_54227.pdf
2025-05-26 16:33:11,780 - DEBUG - Evaluando aptitud: Nivel Formación=doctorado, Exp Judicial Conteo=17, Riesgo Conteo=2
2025-05-26 16:33:11,781 - DEBUG - Resultado Aptitud: No Apto
2025-05-26 16:33:11,782 - INFO - Procesando candidato 31/40: LOPEZ RINCON JORGE
2025-05-26 16:33:11,783 - INFO - PDF ya existe: C:\Users\Wilmore\Downloads\evaluador_ine\output\pdfs\LOPEZ_RINCON_JORGE_54008.pdf
2025-05-26 16:33:12,994 - DEBUG - Evaluando aptitud: Nivel Formación=maestría, Exp Judicial Conteo=12, Riesgo Conteo=0
2025-05-26 16:33:12,995 - DEBUG - Resultado Aptitud: Observado
2025-05-26 16:33:12,996 - INFO - Procesando candidato 32/40: MACIAS GARCIA GUILLERMO ANTONIO
2025-05-26 16:33:12,997 - INFO - PDF ya existe: C:\Users\Wilmore\Downloads\evaluador_ine\output\pdfs\MACIAS_GARCIA_GUILLERMO_ANTONIO_53718.pdf
2025-05-26 16:33:14,010 - DEBUG - Evaluando aptitud: Nivel Formación=licenciatura, Exp Judicial Conteo=13, Riesgo Conteo=0
2025-05-26 16:33:14,011 - DEBUG - Resultado Aptitud: No Apto
2025-05-26 16:33:14,012 - INFO - Procesando candidato 33/40: MAGAÑA URBINA DANIEL ALEJANDRO
2025-05-26 16:33:14,013 - INFO - PDF ya existe: C:\Users\Wilmore\Downloads\evaluador_ine\output\pdfs\MAGAÑA_URBINA_DANIEL_ALEJANDRO_54137.pdf
2025-05-26 16:33:15,183 - DEBUG - Evaluando aptitud: Nivel Formación=doctorado, Exp Judicial Conteo=28, Riesgo Conteo=0
2025-05-26 16:33:15,183 - DEBUG - Resultado Aptitud: Apto
2025-05-26 16:33:15,184 - INFO - Procesando candidato 34/40: MARTINEZ SILVA LUIS FERNANDO
2025-05-26 16:33:15,185 - INFO - PDF ya existe: C:\Users\Wilmore\Downloads\evaluador_ine\output\pdfs\MARTINEZ_SILVA_LUIS_FERNANDO_53682.pdf
2025-05-26 16:33:16,548 - DEBUG - Evaluando aptitud: Nivel Formación=licenciatura, Exp Judicial Conteo=22, Riesgo Conteo=0
2025-05-26 16:33:16,548 - DEBUG - Resultado Aptitud: No Apto
2025-05-26 16:33:16,549 - INFO - Procesando candidato 35/40: PEREZ SANTAMARIA JAVIER
2025-05-26 16:33:16,549 - INFO - PDF ya existe: C:\Users\Wilmore\Downloads\evaluador_ine\output\pdfs\PEREZ_SANTAMARIA_JAVIER_54038.pdf
2025-05-26 16:33:17,535 - DEBUG - Evaluando aptitud: Nivel Formación=especialidad, Exp Judicial Conteo=16, Riesgo Conteo=0
2025-05-26 16:33:17,535 - DEBUG - Resultado Aptitud: No Apto
2025-05-26 16:33:17,536 - INFO - Procesando candidato 36/40: ROMERO ORTIZ EDGAR JAIR
2025-05-26 16:33:17,536 - INFO - PDF ya existe: C:\Users\Wilmore\Downloads\evaluador_ine\output\pdfs\ROMERO_ORTIZ_EDGAR_JAIR_55072.pdf
2025-05-26 16:33:18,517 - DEBUG - Evaluando aptitud: Nivel Formación=maestría, Exp Judicial Conteo=13, Riesgo Conteo=0
2025-05-26 16:33:18,518 - DEBUG - Resultado Aptitud: Observado
2025-05-26 16:33:18,518 - INFO - Procesando candidato 37/40: SANTAMARIA CHAMU SERGIO
2025-05-26 16:33:18,519 - INFO - PDF ya existe: C:\Users\Wilmore\Downloads\evaluador_ine\output\pdfs\SANTAMARIA_CHAMU_SERGIO_54783.pdf
2025-05-26 16:33:19,481 - DEBUG - Evaluando aptitud: Nivel Formación=maestría, Exp Judicial Conteo=5, Riesgo Conteo=0
2025-05-26 16:33:19,482 - DEBUG - Resultado Aptitud: Observado
2025-05-26 16:33:19,483 - INFO - Procesando candidato 38/40: SANTANA RIO FRIO GABRIEL
2025-05-26 16:33:19,483 - INFO - PDF ya existe: C:\Users\Wilmore\Downloads\evaluador_ine\output\pdfs\SANTANA_RIO_FRIO_GABRIEL_54790.pdf
2025-05-26 16:33:20,560 - DEBUG - Evaluando aptitud: Nivel Formación=maestría, Exp Judicial Conteo=14, Riesgo Conteo=0
2025-05-26 16:33:20,561 - DEBUG - Resultado Aptitud: Observado
2025-05-26 16:33:20,561 - INFO - Procesando candidato 39/40: SOTO CORREA SIMON
2025-05-26 16:33:20,562 - INFO - PDF ya existe: C:\Users\Wilmore\Downloads\evaluador_ine\output\pdfs\SOTO_CORREA_SIMON_54943.pdf
2025-05-26 16:33:21,622 - DEBUG - Evaluando aptitud: Nivel Formación=especialidad, Exp Judicial Conteo=15, Riesgo Conteo=0
2025-05-26 16:33:21,622 - DEBUG - Resultado Aptitud: No Apto
2025-05-26 16:33:21,623 - INFO - Procesando candidato 40/40: VERGARA ORTIZ IVAN
2025-05-26 16:33:21,624 - INFO - PDF ya existe: C:\Users\Wilmore\Downloads\evaluador_ine\output\pdfs\VERGARA_ORTIZ_IVAN_54958.pdf
2025-05-26 16:33:22,613 - DEBUG - Evaluando aptitud: Nivel Formación=licenciatura, Exp Judicial Conteo=10, Riesgo Conteo=0
2025-05-26 16:33:22,614 - DEBUG - Resultado Aptitud: No Apto
2025-05-26 16:33:22,680 - INFO - Resultados guardados en hoja 'DISTRITO' de C:\Users\Wilmore\Downloads\evaluador_ine\output\resultados\resultados_jueces_distrito.xlsx
